Removed Pin From Net: NetName=ISENSE(-) Pin=MOD1-4
Removed Pin From Net: NetName=DIFFPAIRISENSE_P Pin=MOD1-5
Removed Pin From Net: NetName=DIFFPAIRISENSE_N Pin=Q5-3
Removed Pin From Net: NetName=I_LO_GD Pin=Q7-1
Removed Pin From Net: NetName=GND Pin=Q7-2
Removed Pin From Net: NetName=DIFFPAIRISENSE_N Pin=Q7-3
Removed Pin From Net: NetName=I_HI_GD Pin=Q9-1
Removed Pin From Net: NetName=GND Pin=Q9-2
Removed Pin From Net: NetName=DIFFPAIRISENSE_N Pin=Q9-3
Removed Pin From Net: NetName=DIFFPAIRISENSE_N Pin=R21-1
Removed Member From Class: ClassName=Eload Gen 3 Power Module Member=Q7
Removed Member From Class: ClassName=Eload Gen 3 Power Module Member=Q9
Removed Member From Class: ClassName=High Current Member=DIFFPAIRISENSE_N
Removed Member From Class: ClassName=High Current Member=DIFFPAIRISENSE_P
Removed Member From Class: ClassName=Low Volt Member=DIFFPAIRISENSE_P
Removed Member From Class: ClassName=Low Current Member=ISENSE(-)
Removed Member From Class: ClassName=Low Volt Member=ISENSE(-)
Change Component DesignItemId : Designator=R2 Old DesignItemId=Res,0805,1.00 kO,5%,200ppm,CRCW08051K00JNEA New DesignItemId=Res,0805,1.00 kO,5%,200ppm,CRCW08051K00JNEA
Change Component DesignItemId : Designator=R1 Old DesignItemId=Res,0805,1MegO,5%,200ppm,0805W8F1005T5E New DesignItemId=Res,0805,1MegO,5%,200ppm,0805W8F1005T5E
Change Component DesignItemId : Designator=R4 Old DesignItemId=Res,0805,10.0kO,1%,100 ppm,CRCW080510K0FKTA New DesignItemId=Res,0805,10.0kO,1%,100 ppm,CRCW080510K0FKTA
Change Component DesignItemId : Designator=R22 Old DesignItemId=Res,0805,10.0kO,1%,100 ppm,CRCW080510K0FKTA New DesignItemId=Res,0805,10.0kO,1%,100 ppm,CRCW080510K0FKTA
Change Component DesignItemId : Designator=R23 Old DesignItemId=Res,0805,10.0kO,1%,100 ppm,CRCW080510K0FKTA New DesignItemId=Res,0805,10.0kO,1%,100 ppm,CRCW080510K0FKTA
Change Component DesignItemId : Designator=R3 Old DesignItemId=Res,0805,47.5KO,1%,100ppm,RK73H2ATTD4752F New DesignItemId=Res,0805,47.5KO,1%,100ppm,RK73H2ATTD4752F
Change Component DesignItemId : Designator=R5 Old DesignItemId=Res,0805,100kO,1%,100ppm,CRCW0805100KFKEA New DesignItemId=Res,0805,100kO,1%,100ppm,CRCW0805100KFKEA
Change Component DesignItemId : Designator=R6 Old DesignItemId=Res,0805,221O,1%,100ppm,CRCW0805221RFKTA New DesignItemId=Res,0805,221O,1%,100ppm,CRCW0805221RFKTA
Change Component DesignItemId : Designator=R8 Old DesignItemId=Res,0805,221O,1%,100ppm,CRCW0805221RFKTA New DesignItemId=Res,0805,221O,1%,100ppm,CRCW0805221RFKTA
Change Component DesignItemId : Designator=R20 Old DesignItemId=Res,2827,shunt,10mO,1%,15ppm,CSSH2728FT10L0 New DesignItemId=Res,2827,shunt,10mO,1%,15ppm,CSSH2728FT10L0
Added Component: Designator=NT2(0.254mm Net Tie)
Added Component: Designator=Q4(SOT23-3)
Added Pin To Net: NetName=DIFFPAIRISENSE_P Pin=NT2-1
Added Pin To Net: NetName=I_LO_GD Pin=Q4-1
Added Pin To Net: NetName=GND Pin=Q4-2
Change Net Name : Old Net Name=DIFFPAIRISENSE_N New Net Name=NetQ6_3
Change Net Name : Old Net Name=DIFFPAIRISENSE_P New Net Name=NetD3_1
Change Net Name : Old Net Name=ISENSE(-) New Net Name=DIFFPAIRISENSE_N
Added Pin To Net: NetName=DIFFPAIRISENSE_P Pin=MOD1-5
Added Pin To Net: NetName=DIFFPAIRISENSE_P Pin=NT2-2
Added Net: Name=DIFFPAIRISENSE_P
Added Pin To Net: NetName=NetQ4_3 Pin=Q4-3
Added Pin To Net: NetName=NetQ4_3 Pin=Q5-3
Added Pin To Net: NetName=NetQ4_3 Pin=R21-1
Added Net: Name=NetQ4_3
Added Member To Class: ClassName=Eload Gen 3 Power Module Member=Component NT2 Net Tie,0.254mm
Added Member To Class: ClassName=Eload Gen 3 Power Module Member=Component Q4 SSM3K329R,LF
Added Member To Class: ClassName=Low Current Member=Wire DIFFPAIRISENSE_N
Added Member To Class: ClassName=High Current Member=Wire NetD3_1
Added Member To Class: ClassName=Low Volt Member=Wire NetD3_1
Added Member To Class: ClassName=High Current Member=Wire NetQ4_3
Added Member To Class: ClassName=Low Volt Member=Wire NetQ4_3
