Removed Pin From Net: NetName=DIFFPAIRV_LD_SENSE_N Pin=J2-1
Removed Pin From Net: NetName=DIFFPAIRV_LD_SENSE_N Pin=J2-1
Removed Pin From Net: NetName=DIFFPAIRV_LD_SENSE_N Pin=J2-1
Removed Pin From Net: NetName=DIFFPAIRV_LD_SENSE_N Pin=J2-1
Removed Pin From Net: NetName=DIFFPAIRV_LD_SENSE_N Pin=J2-1
Removed Pin From Net: NetName=DIFFPAIRV_LD_SENSE_N Pin=J2-1
Removed Pin From Net: NetName=DIFFPAIRV_LD_SENSE_P Pin=J3-1
Removed Pin From Net: NetName=DIFFPAIRV_LD_SENSE_P Pin=J3-1
Removed Pin From Net: NetName=DIFFPAIRV_LD_SENSE_P Pin=J3-1
Removed Pin From Net: NetName=DIFFPAIRV_LD_SENSE_P Pin=J3-1
Removed Pin From Net: NetName=DIFFPAIRV_LD_SENSE_P Pin=J3-1
Removed Pin From Net: NetName=DIFFPAIRV_LD_SENSE_P Pin=J3-1
Removed Member From Class: ClassName=Eload Gen 3 Power Module Member=J2
Removed Member From Class: ClassName=Eload Gen 3 Power Module Member=J3
Added Component: Designator=J5(Banana Jack 3/4" spacing 2)
Added Pin To Net: NetName=DIFFPAIRV_LD_SENSE_P Pin=J4-1
Added Pin To Net: NetName=DIFFPAIRV_LD_SENSE_N Pin=J4-2
Added Pin To Net: NetName=DIFFPAIRV_LD_SENSE_P Pin=J5-1
Added Pin To Net: NetName=DIFFPAIRV_LD_SENSE_N Pin=J5-2
Added Member To Class: ClassName=Eload Gen 3 Power Module Member=Component J5 Pomona Electronics 6883
