Added Pin To Net: NetName=3.3VDC Pin=J4-19
Added Pin To Net: NetName=3.3VDC Pin=MOD1-31
Added Net: Name=3.3VDC
Added Pin To Net: NetName=5VDC Pin=J4-20
Added Pin To Net: NetName=5VDC Pin=MOD1-30
Added Net: Name=5VDC
Added Pin To Net: NetName=12VDC Pin=C10-2
Added Pin To Net: NetName=12VDC Pin=C11-2
Added Pin To Net: NetName=12VDC Pin=J5-2
Added Pin To Net: NetName=12VDC Pin=J6-1
Added Pin To Net: NetName=12VDC Pin=J7-1
Added Pin To Net: NetName=12VDC Pin=MOD1-29
Added Pin To Net: NetName=12VDC Pin=R6-1
Added Net: Name=12VDC
Added Pin To Net: NetName=CCW_LOW Pin=J4-14
Added Pin To Net: NetName=CCW_LOW Pin=MOD1-27
Added Net: Name=CCW_LOW
Added Pin To Net: NetName=CD/DAT3 Pin=J4-4
Added Pin To Net: NetName=CD/DAT3 Pin=MOD1-9
Added Net: Name=CD/DAT3
Added Pin To Net: NetName=CLK Pin=J4-8
Added Pin To Net: NetName=CLK Pin=MOD1-24
Added Net: Name=CLK
Added Pin To Net: NetName=CMD Pin=J4-9
Added Pin To Net: NetName=CMD Pin=MOD1-22
Added Net: Name=CMD
Added Pin To Net: NetName=CW_LOW Pin=J4-15
Added Pin To Net: NetName=CW_LOW Pin=MOD1-26
Added Net: Name=CW_LOW
Added Pin To Net: NetName=DAT0 Pin=J4-10
Added Pin To Net: NetName=DAT0 Pin=MOD1-23
Added Net: Name=DAT0
Added Pin To Net: NetName=DETECT Pin=J4-3
Added Pin To Net: NetName=DETECT Pin=MOD1-8
Added Net: Name=DETECT
Added Pin To Net: NetName=DIFFPAIRISENSE_N Pin=Q5-3
Added Pin To Net: NetName=DIFFPAIRISENSE_N Pin=Q6-3
Added Pin To Net: NetName=DIFFPAIRISENSE_N Pin=Q7-3
Added Pin To Net: NetName=DIFFPAIRISENSE_N Pin=Q8-3
Added Pin To Net: NetName=DIFFPAIRISENSE_N Pin=Q9-3
Added Pin To Net: NetName=DIFFPAIRISENSE_N Pin=R20-1
Added Pin To Net: NetName=DIFFPAIRISENSE_N Pin=R21-1
Added Net: Name=DIFFPAIRISENSE_N
Added Pin To Net: NetName=DIFFPAIRISENSE_P Pin=D3-1
Added Pin To Net: NetName=DIFFPAIRISENSE_P Pin=MOD1-5
Added Pin To Net: NetName=DIFFPAIRISENSE_P Pin=PM1-3
Added Pin To Net: NetName=DIFFPAIRISENSE_P Pin=R20-2
Added Pin To Net: NetName=DIFFPAIRISENSE_P Pin=R21-2
Added Net: Name=DIFFPAIRISENSE_P
Added Pin To Net: NetName=DIFFPAIRV_LD_SENSE_N Pin=MOD1-3
Added Pin To Net: NetName=DIFFPAIRV_LD_SENSE_N Pin=Rly1-4
Added Net: Name=DIFFPAIRV_LD_SENSE_N
Added Pin To Net: NetName=DIFFPAIRV_LD_SENSE_P Pin=MOD1-1
Added Pin To Net: NetName=DIFFPAIRV_LD_SENSE_P Pin=Rly1-7
Added Net: Name=DIFFPAIRV_LD_SENSE_P
Added Pin To Net: NetName=GATE_DRV Pin=MOD1-11
Added Pin To Net: NetName=GATE_DRV Pin=MOD1-12
Added Pin To Net: NetName=GATE_DRV Pin=PM1-1
Added Net: Name=GATE_DRV
Added Pin To Net: NetName=GND Pin=C10-1
Added Pin To Net: NetName=GND Pin=C11-1
Added Pin To Net: NetName=GND Pin=D3-2
Added Pin To Net: NetName=GND Pin=J3-1
Added Pin To Net: NetName=GND Pin=J3-1
Added Pin To Net: NetName=GND Pin=J3-1
Added Pin To Net: NetName=GND Pin=J3-1
Added Pin To Net: NetName=GND Pin=J3-1
Added Pin To Net: NetName=GND Pin=J3-1
Added Pin To Net: NetName=GND Pin=J4-1
Added Pin To Net: NetName=GND Pin=J4-7
Added Pin To Net: NetName=GND Pin=J4-11
Added Pin To Net: NetName=GND Pin=J4-12
Added Pin To Net: NetName=GND Pin=J4-18
Added Pin To Net: NetName=GND Pin=J4-21
Added Pin To Net: NetName=GND Pin=J4-22
Added Pin To Net: NetName=GND Pin=J5-1
Added Pin To Net: NetName=GND Pin=J7-2
Added Pin To Net: NetName=GND Pin=J7-3
Added Pin To Net: NetName=GND Pin=M1-0
Added Pin To Net: NetName=GND Pin=M2-0
Added Pin To Net: NetName=GND Pin=M3-0
Added Pin To Net: NetName=GND Pin=M4-0
Added Pin To Net: NetName=GND Pin=M5-0
Added Pin To Net: NetName=GND Pin=MOD1-2
Added Pin To Net: NetName=GND Pin=MOD1-6
Added Pin To Net: NetName=GND Pin=MOD1-10
Added Pin To Net: NetName=GND Pin=MOD1-19
Added Pin To Net: NetName=GND Pin=MOD1-32
Added Pin To Net: NetName=GND Pin=NTC1-1
Added Pin To Net: NetName=GND Pin=Q2-2
Added Pin To Net: NetName=GND Pin=Q3-2
Added Pin To Net: NetName=GND Pin=Q7-2
Added Pin To Net: NetName=GND Pin=Q8-2
Added Pin To Net: NetName=GND Pin=Q9-2
Added Pin To Net: NetName=GND Pin=R4-1
Added Pin To Net: NetName=GND Pin=R5-1
Added Pin To Net: NetName=GND Pin=R7-2
Added Pin To Net: NetName=GND Pin=Rly1-3
Added Net: Name=GND
Added Pin To Net: NetName=I_HI_GD Pin=MOD1-16
Added Pin To Net: NetName=I_HI_GD Pin=Q6-1
Added Pin To Net: NetName=I_HI_GD Pin=Q8-1
Added Pin To Net: NetName=I_HI_GD Pin=Q9-1
Added Pin To Net: NetName=I_HI_GD Pin=R23-2
Added Net: Name=I_HI_GD
Added Pin To Net: NetName=I_LO_GD Pin=MOD1-14
Added Pin To Net: NetName=I_LO_GD Pin=Q5-1
Added Pin To Net: NetName=I_LO_GD Pin=Q7-1
Added Pin To Net: NetName=I_LO_GD Pin=R22-1
Added Net: Name=I_LO_GD
Added Pin To Net: NetName=ISENSE(-) Pin=MOD1-4
Added Pin To Net: NetName=ISENSE(-) Pin=Q5-2
Added Pin To Net: NetName=ISENSE(-) Pin=Q6-2
Added Pin To Net: NetName=ISENSE(-) Pin=R22-2
Added Pin To Net: NetName=ISENSE(-) Pin=R23-1
Added Net: Name=ISENSE(-)
Added Pin To Net: NetName=NetD1_2 Pin=D1-2
Added Pin To Net: NetName=NetD1_2 Pin=Q1-1
Added Pin To Net: NetName=NetD1_2 Pin=R5-2
Added Net: Name=NetD1_2
Added Pin To Net: NetName=NetD2_1 Pin=D2-1
Added Pin To Net: NetName=NetD2_1 Pin=D2-2
Added Pin To Net: NetName=NetD2_1 Pin=Q2-3
Added Pin To Net: NetName=NetD2_1 Pin=Rly1-2
Added Net: Name=NetD2_1
Added Pin To Net: NetName=NetD2_3 Pin=D2-3
Added Pin To Net: NetName=NetD2_3 Pin=R6-2
Added Pin To Net: NetName=NetD2_3 Pin=Rly1-1
Added Net: Name=NetD2_3
Added Pin To Net: NetName=NetJ1_1 Pin=J1-1
Added Pin To Net: NetName=NetJ1_1 Pin=J1-1
Added Pin To Net: NetName=NetJ1_1 Pin=J1-1
Added Pin To Net: NetName=NetJ1_1 Pin=J1-1
Added Pin To Net: NetName=NetJ1_1 Pin=J1-1
Added Pin To Net: NetName=NetJ1_1 Pin=J1-1
Added Pin To Net: NetName=NetJ1_1 Pin=Q1-2
Added Net: Name=NetJ1_1
Added Pin To Net: NetName=NetJ6_3 Pin=J6-3
Added Pin To Net: NetName=NetJ6_3 Pin=Q3-3
Added Net: Name=NetJ6_3
Added Pin To Net: NetName=NetQ2_1 Pin=Q2-1
Added Pin To Net: NetName=NetQ2_1 Pin=R2-1
Added Pin To Net: NetName=NetQ2_1 Pin=R4-2
Added Net: Name=NetQ2_1
Added Pin To Net: NetName=NetQ3_1 Pin=Q3-1
Added Pin To Net: NetName=NetQ3_1 Pin=R8-2
Added Net: Name=NetQ3_1
Added Pin To Net: NetName=ON/OFF_INDICATOR Pin=J4-2
Added Pin To Net: NetName=ON/OFF_INDICATOR Pin=MOD1-28
Added Pin To Net: NetName=ON/OFF_INDICATOR Pin=R8-1
Added Net: Name=ON/OFF_INDICATOR
Added Pin To Net: NetName=RMT_VSENSE_RLY_COIL_DRV Pin=MOD1-15
Added Pin To Net: NetName=RMT_VSENSE_RLY_COIL_DRV Pin=R2-2
Added Net: Name=RMT_VSENSE_RLY_COIL_DRV
Added Pin To Net: NetName=RMT V_DET Pin=C1-2
Added Pin To Net: NetName=RMT V_DET Pin=MOD1-13
Added Pin To Net: NetName=RMT V_DET Pin=R1-1
Added Pin To Net: NetName=RMT V_DET Pin=R3-2
Added Net: Name=RMT V_DET
Added Pin To Net: NetName=RMTVSENSEN Pin=C1-1
Added Pin To Net: NetName=RMTVSENSEN Pin=J2-2
Added Pin To Net: NetName=RMTVSENSEN Pin=R3-1
Added Pin To Net: NetName=RMTVSENSEN Pin=R7-1
Added Pin To Net: NetName=RMTVSENSEN Pin=Rly1-5
Added Net: Name=RMTVSENSEN
Added Pin To Net: NetName=RMTVSENSEP Pin=J2-1
Added Pin To Net: NetName=RMTVSENSEP Pin=R1-2
Added Pin To Net: NetName=RMTVSENSEP Pin=Rly1-6
Added Net: Name=RMTVSENSEP
Added Pin To Net: NetName=ROT_SW Pin=J4-13
Added Pin To Net: NetName=ROT_SW Pin=MOD1-25
Added Net: Name=ROT_SW
Added Pin To Net: NetName=SCL Pin=J4-6
Added Pin To Net: NetName=SCL Pin=MOD1-20
Added Net: Name=SCL
Added Pin To Net: NetName=SDA Pin=J4-5
Added Pin To Net: NetName=SDA Pin=MOD1-21
Added Net: Name=SDA
Added Pin To Net: NetName=SW1 Pin=J4-16
Added Pin To Net: NetName=SW1 Pin=MOD1-17
Added Net: Name=SW1
Added Pin To Net: NetName=SW2 Pin=J4-17
Added Pin To Net: NetName=SW2 Pin=MOD1-18
Added Net: Name=SW2
Added Pin To Net: NetName=TEMP SENSE Pin=MOD1-7
Added Pin To Net: NetName=TEMP SENSE Pin=NTC1-2
Added Net: Name=TEMP SENSE
Added Pin To Net: NetName=V_LD Pin=D1-1
Added Pin To Net: NetName=V_LD Pin=PM1-2
Added Pin To Net: NetName=V_LD Pin=Q1-3
Added Pin To Net: NetName=V_LD Pin=Rly1-8
Added Net: Name=V_LD
Added Differential Pair: Name=DIFFPAIRISENSE
Added Differential Pair: Name=DIFFPAIRV_LD_SENSE
Added Member To Class: ClassName=Low Current Member=Wire 12VDC
Added Member To Class: ClassName=Low Volt Member=Wire 12VDC
Added Member To Class: ClassName=High Current Member=Wire DIFFPAIRISENSE_N
Added Member To Class: ClassName=Low Volt Member=Wire DIFFPAIRISENSE_N
Added Member To Class: ClassName=High Current Member=Wire DIFFPAIRISENSE_P
Added Member To Class: ClassName=Low Volt Member=Wire DIFFPAIRISENSE_P
Added Member To Class: ClassName=Low Current Member=Wire DIFFPAIRV_LD_SENSE_N
Added Member To Class: ClassName=Low Volt Member=Wire DIFFPAIRV_LD_SENSE_N
Added Member To Class: ClassName=PwrRail Member=Wire DIFFPAIRV_LD_SENSE_N
Added Member To Class: ClassName=High Volt Member=Wire DIFFPAIRV_LD_SENSE_P
Added Member To Class: ClassName=Low Current Member=Wire DIFFPAIRV_LD_SENSE_P
Added Member To Class: ClassName=Low Current Member=Wire GATE_DRV
Added Member To Class: ClassName=Low Volt Member=Wire GATE_DRV
Added Member To Class: ClassName=High Current Member=Wire GND
Added Member To Class: ClassName=Low Current Member=Wire GND
Added Member To Class: ClassName=Low Volt Member=Wire GND
Added Member To Class: ClassName=Low Current Member=Wire I_HI_GD
Added Member To Class: ClassName=Low Volt Member=Wire I_HI_GD
Added Member To Class: ClassName=Low Current Member=Wire ISENSE(-)
Added Member To Class: ClassName=Low Volt Member=Wire ISENSE(-)
Added Member To Class: ClassName=Low Current Member=Wire RMTVSENSEN
Added Member To Class: ClassName=Low Volt Member=Wire RMTVSENSEN
Added Member To Class: ClassName=PwrRail Member=Wire RMTVSENSEN
Added Member To Class: ClassName=Low Current Member=Wire RMTVSENSEP
Added Member To Class: ClassName=Low Volt Member=Wire RMTVSENSEP
Added Member To Class: ClassName=PwrRail Member=Wire RMTVSENSEP
Added Member To Class: ClassName=Low Current Member=Wire TEMP SENSE
Added Member To Class: ClassName=Low Volt Member=Wire TEMP SENSE
Added Member To Class: ClassName=High Current Member=Wire V_LD
Added Member To Class: ClassName=High Volt Member=Wire V_LD
