Removed Pin From Net: NetName=NetQ2_1 Pin=R2-1
Removed Pin From Net: NetName=GND Pin=R4-1
Removed Pin From Net: NetName=NetQ2_1 Pin=R4-2
Removed Pin From Net: NetName=12VDC Pin=R6-2
Removed Pin From Net: NetName=V_LD Pin=Rly1-3
Removed Pin From Net: NetName=DIFFPAIRV_LD_SENSE_P Pin=Rly1-4
Removed Pin From Net: NetName=DIFFPAIRV_LD_SENSE_N Pin=Rly1-7
Removed Pin From Net: NetName=GND Pin=Rly1-8
Removed Member From Class: ClassName=Eload Gen 3 Power Module - Input Member=C1
Removed Member From Class: ClassName=Eload Gen 3 Power Module - Input Member=D2
Removed Member From Class: ClassName=Eload Gen 3 Power Module - Input Member=Q2
Removed Member From Class: ClassName=Eload Gen 3 Power Module - Input Member=R3
Removed Member From Class: ClassName=Eload Gen 3 Power Module - Input Member=R4
Removed Member From Class: ClassName=Eload Gen 3 Power Module - Input Member=R6
Removed Member From Class: ClassName=Eload Gen 3 Power Module - Input Member=Rly1
Removed Member From Class: ClassName=Low Current Member=GND
Removed Member From Class: ClassName=Low Current Member=RMTVSENSE_N
Removed Member From Class: ClassName=Low Volt Member=RMTVSENSE_N
Removed Member From Class: ClassName=PwrRail Member=RMTVSENSE_N
Removed Member From Class: ClassName=Low Current Member=RMTVSENSE_P
Removed Member From Class: ClassName=Low Volt Member=RMTVSENSE_P
Removed Member From Class: ClassName=PwrRail Member=RMTVSENSE_P
Change Component DesignItemId : Designator=R2 Old DesignItemId=Res,0805,1.00 kO,5%,200ppm,CRCW08051K00JNEA New DesignItemId=Res,0805,2.2KO,±1%,100.0 ppm/°C,150.0 V,CRCW08052K20FKEA
Change Component DesignItemId : Designator=R1 Old DesignItemId=Res,0805,1MegO,5%,200ppm,0805W8F1005T5E New DesignItemId=Res,0805,47.5KO,1%,100ppm,RK73H2ATTD4752F
Change Component DesignItemId : Designator=R22 Old DesignItemId=Res,0805,10.0kO,1%,100 ppm,CRCW080510K0FKTA New DesignItemId=Res,0805,10.0kO,1%,100 ppm,CRCW080510K0FKTA
Change Component DesignItemId : Designator=R23 Old DesignItemId=Res,0805,10.0kO,1%,100 ppm,CRCW080510K0FKTA New DesignItemId=Res,0805,10.0kO,1%,100 ppm,CRCW080510K0FKTA
Change Component DesignItemId : Designator=R3 Old DesignItemId=Res,0805,47.5KO,1%,100ppm,RK73H2ATTD4752F New DesignItemId=Res,0805,221O,1%,100ppm,CRCW0805221RFKTA
Change Component DesignItemId : Designator=R5 Old DesignItemId=Res,0805,100kO,1%,100ppm,CRCW0805100KFKEA New DesignItemId=Res,0805,100kO,1%,100ppm,CRCW0805100KFKEA
Change Component DesignItemId : Designator=R8 Old DesignItemId=Res,0805,221O,1%,100ppm,CRCW0805221RFKTA New DesignItemId=Res,0805,221O,1%,100ppm,CRCW0805221RFKTA
Change Component DesignItemId : Designator=R20 Old DesignItemId=Res,2827,shunt,10mO,1%,15ppm,CSSH2728FT10L0 New DesignItemId=Res,2827,shunt,10mO,1%,15ppm,CSSH2728FT10L0
Change Component DesignItemId : Designator=Q3 Old DesignItemId=Trans,40V,600mA,0.33W, SMBT2222A New DesignItemId=MOSFET,N-Channel,SOT23,0.25A,60V,2N7002ET1G
Change Component Comment : Designator=R1 Old Comment=CR0805-JW-105ELF New Comment=RK73H2ATTD4752F
Change Component Comment : Designator=R3 Old Comment=RK73H2ATTD4752F New Comment=Vishay Dale CRCW0805221RFKTA
Change Component Comment : Designator=Q3 Old Comment=SMBT2222A New Comment=2N7002ET1G
Change Component Comment : Designator=R2 Old Comment=Vishay CRCW08051K00JNEA New Comment=CRCW08052K20FKEA
Change Component Description : Designator=R3 Old Description=47.5 kOhms ±1% 0.25W, 1/4W Chip Resistor 0805 (2012 Metric) Automotive AEC-Q200, Moisture Resistant Thick Film New Description=RES SMD 221 OHM 1% 1/8W 0805
Change Component Description : Designator=Q3 Old Description=NPN Silicon Switching Transistor, 40 V VCEO, 600 mA IC, SOT23, Reel, Green New Description=Small Signal MOSFET, 60 V, 310 mA, Single, N-Channel, 3-Pin SOT-23, Pb-Free, Tape and Reel
Change Component Description : Designator=R1 Old Description=RES SMD 1M OHM 5% 1/8W 0805 New Description=47.5 kOhms ±1% 0.25W, 1/4W Chip Resistor 0805 (2012 Metric) Automotive AEC-Q200, Moisture Resistant Thick Film
Change Component Description : Designator=R2 Old Description=Res Thick Film 0805 1K Ohm 5% 0.125W(1/8W) ±200ppm/C Molded SMD Automotive Paper T/R New Description=RES SMD 2.2K OHM 1% 1/8W 0805
Change Component Library : Designator=R1 Old Library=Master JULY2019.SchLib New Library=Master DEC 2020.SchLib
Change Component Library : Designator=R2 Old Library=Master JULY2019.SchLib New Library=Master DEC 2020.SchLib
Change Component Library : Designator=Q2 Old Library=Master JULY2019.SchLib New Library=Master Mar2021.SchLib
Change Component Library : Designator=Q3 Old Library=Master JULY2019.SchLib New Library=Master Mar2021.SchLib
Added Pin To Net: NetName=DIFFPAIRV_LD_SENSE_P Pin=J2-1
Added Pin To Net: NetName=DIFFPAIRV_LD_SENSE_N Pin=J2-2
Added Pin To Net: NetName=DIFFPAIRV_LD_SENSE_N Pin=NT1-2
Added Pin To Net: NetName=NetJ6_1 Pin=Q2-3
Added Pin To Net: NetName=V_LD Pin=R1-2
Added Pin To Net: NetName=DIFFPAIRV_LD_SENSE_N Pin=R2-1
Added Pin To Net: NetName=ON/OFF_INDICATOR Pin=R3-1
Added Pin To Net: NetName=NetQ2_1 Pin=R3-2
Added Pin To Net: NetName=I_MED_GD Pin=MOD1-15
Added Net: Name=I_MED_GD
Added Pin To Net: NetName=LOCVSENSE Pin=MOD1-13
Added Pin To Net: NetName=LOCVSENSE Pin=R1-1
Added Pin To Net: NetName=LOCVSENSE Pin=R2-2
Added Net: Name=LOCVSENSE
Change Class Name : Old Net Name=Eload Gen 3 Power Module - Input New Net Name=Eload Gen 3 Power Module - Input Rev 2
Added Member To Class: ClassName=Eload Gen 3 Power Module Member=Component Q2 2N7002ET1G
Added Member To Class: ClassName=Eload Gen 3 Power Module Member=Component R3 Vishay Dale CRCW0805221RFKTA
Added Member To Class: ClassName=Low Current Member=Wire LOCVSENSE
Added Member To Class: ClassName=Low Volt Member=Wire LOCVSENSE
Added Member To Class: ClassName=PwrRail Member=Wire LOCVSENSE
