Change Component DesignItemId : Designator=R9 Old DesignItemId=Res,0805,1.00 kO,5%,200ppm,CRCW08051K00JNEA New DesignItemId=Res,0805,1.00 kO,5%,200ppm,CRCW08051K00JNEA
Change Component DesignItemId : Designator=R12 Old DesignItemId=Res,0805,1.00 kO,5%,200ppm,CRCW08051K00JNEA New DesignItemId=Res,0805,1.00 kO,5%,200ppm,CRCW08051K00JNEA
Change Component DesignItemId : Designator=R13 Old DesignItemId=Res,0805,1.00 kO,5%,200ppm,CRCW08051K00JNEA New DesignItemId=Res,0805,1.00 kO,5%,200ppm,CRCW08051K00JNEA
Change Component DesignItemId : Designator=R15 Old DesignItemId=Res,0805,1.00 kO,5%,200ppm,CRCW08051K00JNEA New DesignItemId=Res,0805,1.00 kO,5%,200ppm,CRCW08051K00JNEA
Change Component DesignItemId : Designator=R3 Old DesignItemId=Res,0805,2.2KO,±1%,100.0 ppm/°C,150.0 V,CRCW08052K20FKEA New DesignItemId=Res,0805,2.2KO,±1%,100.0 ppm/°C,150.0 V,CRCW08052K20FKEA
Change Component DesignItemId : Designator=R6 Old DesignItemId=Res,0805,2.2KO,±1%,100.0 ppm/°C,150.0 V,CRCW08052K20FKEA New DesignItemId=Res,0805,2.2KO,±1%,100.0 ppm/°C,150.0 V,CRCW08052K20FKEA
Change Component DesignItemId : Designator=R1 Old DesignItemId=Res,0805,10.0kO,1%,100 ppm,CRCW080510K0FKTA New DesignItemId=Res,0805,10.0kO,1%,100 ppm,CRCW080510K0FKTA
Change Component DesignItemId : Designator=R5 Old DesignItemId=Res,0805,10.0kO,1%,100 ppm,CRCW080510K0FKTA New DesignItemId=Res,0805,10.0kO,1%,100 ppm,CRCW080510K0FKTA
Change Component DesignItemId : Designator=R7 Old DesignItemId=Res,0805,10.0kO,1%,100 ppm,CRCW080510K0FKTA New DesignItemId=Res,0805,10.0kO,1%,100 ppm,CRCW080510K0FKTA
Change Component DesignItemId : Designator=R8 Old DesignItemId=Res,0805,10.0kO,1%,100 ppm,CRCW080510K0FKTA New DesignItemId=Res,0805,10.0kO,1%,100 ppm,CRCW080510K0FKTA
Change Component DesignItemId : Designator=R10 Old DesignItemId=Res,0805,10.0kO,1%,100 ppm,CRCW080510K0FKTA New DesignItemId=Res,0805,10.0kO,1%,100 ppm,CRCW080510K0FKTA
Change Component DesignItemId : Designator=R11 Old DesignItemId=Res,0805,10.0kO,1%,100 ppm,CRCW080510K0FKTA New DesignItemId=Res,0805,10.0kO,1%,100 ppm,CRCW080510K0FKTA
Change Component DesignItemId : Designator=R2 Old DesignItemId=Res,0805,33O,±5%,200ppm,CR0805-JW-330ELF New DesignItemId=Res,0805,33O,±5%,200ppm,CR0805-JW-330ELF
Change Component DesignItemId : Designator=R4 Old DesignItemId=Res,0805,33O,±5%,200ppm,CR0805-JW-330ELF New DesignItemId=Res,0805,33O,±5%,200ppm,CR0805-JW-330ELF
Change Component DesignItemId : Designator=R14 Old DesignItemId=Res,0805,100O,5%,±200ppm/°C New DesignItemId=Res,0805,100O,5%,±200ppm/°C
Added Component: Designator=D2(LED,SMD,Bottom Entry,1206)
Added Component: Designator=D3(LED,SMD,Bottom Entry,1206)
Added Component: Designator=D4(LED,SMD,Bottom Entry,1206)
Added Component: Designator=Q4(SOT23-3)
Added Component: Designator=Q5(SOT23-3)
Added Component: Designator=Q6(SOT23-3)
Added Component: Designator=R16(res, 0805, HD)
Added Component: Designator=R17(res, 0805, HD)
Added Component: Designator=R18(res, 0805, HD)
Added Component: Designator=R19(res, 0805, HD)
Added Component: Designator=R20(res, 0805, HD)
Added Component: Designator=R21(res, 0805, HD)
Added Component: Designator=R22(res, 0805, HD)
Added Component: Designator=U1(TSSOP-16)
Added Pin To Net: NetName=+3.3VDC Pin=D2-2
Added Pin To Net: NetName=+3.3VDC Pin=D3-2
Added Pin To Net: NetName=+3.3VDC Pin=D4-2
Added Pin To Net: NetName=GND Pin=Q4-2
Added Pin To Net: NetName=GND Pin=Q5-2
Added Pin To Net: NetName=GND Pin=Q6-2
Added Pin To Net: NetName=+3.3VDC Pin=R16-2
Added Pin To Net: NetName=+3.3VDC Pin=U1-1
Added Pin To Net: NetName=+3.3VDC Pin=U1-2
Added Pin To Net: NetName=+3.3VDC Pin=U1-3
Added Pin To Net: NetName=SCL Pin=U1-14
Added Pin To Net: NetName=SDA Pin=U1-15
Added Pin To Net: NetName=+3.3VDC Pin=U1-16
Added Pin To Net: NetName=NetD2_1 Pin=D2-1
Added Pin To Net: NetName=NetD2_1 Pin=R17-2
Added Net: Name=NetD2_1
Added Pin To Net: NetName=NetD3_1 Pin=D3-1
Added Pin To Net: NetName=NetD3_1 Pin=R19-2
Added Net: Name=NetD3_1
Added Pin To Net: NetName=NetD4_1 Pin=D4-1
Added Pin To Net: NetName=NetD4_1 Pin=R21-2
Added Net: Name=NetD4_1
Added Pin To Net: NetName=NetQ4_1 Pin=Q4-1
Added Pin To Net: NetName=NetQ4_1 Pin=R15-2
Added Net: Name=NetQ4_1
Added Pin To Net: NetName=NetQ4_3 Pin=Q4-3
Added Pin To Net: NetName=NetQ4_3 Pin=R17-1
Added Net: Name=NetQ4_3
Added Pin To Net: NetName=NetQ5_1 Pin=Q5-1
Added Pin To Net: NetName=NetQ5_1 Pin=R20-2
Added Net: Name=NetQ5_1
Added Pin To Net: NetName=NetQ5_3 Pin=Q5-3
Added Pin To Net: NetName=NetQ5_3 Pin=R19-1
Added Net: Name=NetQ5_3
Added Pin To Net: NetName=NetQ6_1 Pin=Q6-1
Added Pin To Net: NetName=NetQ6_1 Pin=R22-2
Added Net: Name=NetQ6_1
Added Pin To Net: NetName=NetQ6_3 Pin=Q6-3
Added Pin To Net: NetName=NetQ6_3 Pin=R21-1
Added Net: Name=NetQ6_3
Added Pin To Net: NetName=NetR15_1 Pin=R15-1
Added Pin To Net: NetName=NetR15_1 Pin=U1-4
Added Net: Name=NetR15_1
Added Pin To Net: NetName=NetR16_1 Pin=R16-1
Added Pin To Net: NetName=NetR16_1 Pin=U1-13
Added Net: Name=NetR16_1
Added Pin To Net: NetName=NetR18_1 Pin=R15-1
Added Pin To Net: NetName=NetR18_1 Pin=U1-5
Added Net: Name=NetR18_1
Added Pin To Net: NetName=NetR20_1 Pin=R20-1
Added Pin To Net: NetName=NetR20_1 Pin=U1-6
Added Net: Name=NetR20_1
Added Pin To Net: NetName=NetR22_1 Pin=R22-1
Added Pin To Net: NetName=NetR22_1 Pin=U1-7
Added Net: Name=NetR22_1
Change Class Name : Old Net Name=Eload Gen 3 Power Module - User Inferface New Net Name=Eload Gen 3 Power Module - User Inferface Rev 2
Added Member To Class: ClassName=Eload Gen 3 Power Module - User Inferface Rev 2 Member=Component D2 LTST-C230KGKT
Added Member To Class: ClassName=Eload Gen 3 Power Module - User Inferface Rev 2 Member=Component D3 LTST-C230KGKT
Added Member To Class: ClassName=Eload Gen 3 Power Module - User Inferface Rev 2 Member=Component D4 LTST-C230KGKT
Added Member To Class: ClassName=Eload Gen 3 Power Module - User Inferface Rev 2 Member=Component J3 Generic Header
Added Member To Class: ClassName=Eload Gen 3 Power Module - User Inferface Rev 2 Member=Component Q4 2N7002ET1G
Added Member To Class: ClassName=Eload Gen 3 Power Module - User Inferface Rev 2 Member=Component Q5 2N7002ET1G
Added Member To Class: ClassName=Eload Gen 3 Power Module - User Inferface Rev 2 Member=Component Q6 2N7002ET1G
Added Member To Class: ClassName=Eload Gen 3 Power Module - User Inferface Rev 2 Member=Component R16 Vishay / Dale CRCW080510K0FKTA
Added Member To Class: ClassName=Eload Gen 3 Power Module - User Inferface Rev 2 Member=Component R17 CRCW0805100RJNEAC
Added Member To Class: ClassName=Eload Gen 3 Power Module - User Inferface Rev 2 Member=Component R18 Vishay CRCW08051K00JNEA
Added Member To Class: ClassName=Eload Gen 3 Power Module - User Inferface Rev 2 Member=Component R19 CRCW0805100RJNEAC
Added Member To Class: ClassName=Eload Gen 3 Power Module - User Inferface Rev 2 Member=Component R20 Vishay CRCW08051K00JNEA
Added Member To Class: ClassName=Eload Gen 3 Power Module - User Inferface Rev 2 Member=Component R21 CRCW0805100RJNEAC
Added Member To Class: ClassName=Eload Gen 3 Power Module - User Inferface Rev 2 Member=Component R22 Vishay CRCW08051K00JNEA
Added Member To Class: ClassName=Eload Gen 3 Power Module - User Inferface Rev 2 Member=Component U1 TCA9534APWR
