Removed Pin From Net: NetName=SW2 Pin=J2-4
Removed Pin From Net: NetName=SW1 Pin=J2-5
Removed Pin From Net: NetName=CW_LOW Pin=J2-6
Removed Pin From Net: NetName=CCW_LOW Pin=J2-7
Removed Pin From Net: NetName=ROT_SW Pin=J2-8
Removed Pin From Net: NetName=SCL Pin=J2-15
Removed Pin From Net: NetName=SDA Pin=J2-16
Change Component DesignItemId : Designator=D1 Old DesignItemId=LED,0805, Green,SMD,LG R971-KN-1 New DesignItemId=LED,1206,Green,SMD,BtmEnt,LTST-C230KGKT
Change Component DesignItemId : Designator=R14 Old DesignItemId=Res,0805,221O,1%,100ppm,CRCW0805221RFKTA New DesignItemId=Res,0805,100O,5%,±200ppm/°C
Change Component Footprint: Designator=D1 Old Footprint=LED,0805 New Footprint=LED,SMD,Bottom Entry,1206
Change Component Comment : Designator=D1 Old Comment=LG R971-KN-1 New Comment=LTST-C230KGKT
Change Component Comment : Designator=R14 Old Comment=Vishay Dale CRCW0805221RFKTA New Comment=CRCW0805100RJNEAC
Change Component Description : Designator=R14 Old Description=RES SMD 221 OHM 1% 1/8W 0805 New Description=RES 100 OHM 5% 1/8W 0805
Added Pin To Net: NetName=NetJ2_4 Pin=J2-4
Added Net: Name=NetJ2_4
Added Pin To Net: NetName=NetJ2_5 Pin=J2-5
Added Net: Name=NetJ2_5
Added Pin To Net: NetName=NetJ2_6 Pin=J2-6
Added Net: Name=NetJ2_6
Added Pin To Net: NetName=NetJ2_7 Pin=J2-7
Added Net: Name=NetJ2_7
Added Pin To Net: NetName=NetJ2_8 Pin=J2-8
Added Net: Name=NetJ2_8
Added Pin To Net: NetName=NetJ2_15 Pin=J2-15
Added Net: Name=NetJ2_15
Added Pin To Net: NetName=NetJ2_16 Pin=J2-16
Added Net: Name=NetJ2_16
