Added Component: Designator=C1(CAP, 0805, HD)
Added Component: Designator=C2(Cap,0805)
Added Component: Designator=C3(CAP, 0805, HD)
Added Component: Designator=C4(CAP, 0805, HD)
Added Component: Designator=C5(CAP, 0805, HD)
Added Component: Designator=C6(Cap,0805)
Added Component: Designator=C7(CAP, 0805, HD)
Added Component: Designator=C8(CAP, 0805, HD)
Added Component: Designator=J1(Conn,SD micro,503182-1852)
Added Component: Designator=J2(Connector,FlatFlex,20Pin,RA)
Added Component: Designator=LCD1(LCD Module 16x2 - IIC MOD)
Added Component: Designator=MOD1(Mod, SD Card Connector Breakout)
Added Component: Designator=Q1(SOT23-3)
Added Component: Designator=Q2(SOT23-3)
Added Component: Designator=R1(res, 0805, HD)
Added Component: Designator=R2(res, 0805, HD)
Added Component: Designator=R3(res, 0805, HD)
Added Component: Designator=R4(res, 0805, HD)
Added Component: Designator=R5(res, 0805, HD)
Added Component: Designator=R6(res, 0805, HD)
Added Component: Designator=R7(res, 0805, HD)
Added Component: Designator=R8(res, 0805, HD)
Added Component: Designator=R9(res, 0805, HD)
Added Component: Designator=R10(res, 0805, HD)
Added Component: Designator=R11(res, 0805, HD)
Added Component: Designator=R12(res, 0805, HD)
Added Component: Designator=R13(res, 0805, HD)
Added Component: Designator=SW1(PTS636 SP43 LFS)
Added Component: Designator=SW2(PTS636 SP43 LFS)
Added Component: Designator=SW3(Rotary encoder)
Added Pin To Net: NetName=+3.3VDC Pin=C6-2
Added Pin To Net: NetName=+3.3VDC Pin=J1-4
Added Pin To Net: NetName=+3.3VDC Pin=J2-2
Added Pin To Net: NetName=+3.3VDC Pin=R1-1
Added Pin To Net: NetName=+3.3VDC Pin=R2-1
Added Pin To Net: NetName=+3.3VDC Pin=R4-1
Added Pin To Net: NetName=+3.3VDC Pin=R5-1
Added Pin To Net: NetName=+3.3VDC Pin=R7-2
Added Pin To Net: NetName=+3.3VDC Pin=R8-2
Added Pin To Net: NetName=+3.3VDC Pin=R10-1
Added Pin To Net: NetName=+3.3VDC Pin=R11-1
Added Net: Name=+3.3VDC
Added Pin To Net: NetName=+5VDC Pin=C1-2
Added Pin To Net: NetName=+5VDC Pin=C2-2
Added Pin To Net: NetName=+5VDC Pin=J2-1
Added Pin To Net: NetName=+5VDC Pin=LCD1-2
Added Pin To Net: NetName=+5VDC Pin=R3-2
Added Pin To Net: NetName=+5VDC Pin=R6-2
Added Net: Name=+5VDC
Added Pin To Net: NetName=CCW_LOW Pin=C8-2
Added Pin To Net: NetName=CCW_LOW Pin=J2-7
Added Pin To Net: NetName=CCW_LOW Pin=R13-2
Added Net: Name=CCW_LOW
Added Pin To Net: NetName=CMD Pin=J1-3
Added Net: Name=CMD
Added Pin To Net: NetName=CW_LOW Pin=C5-2
Added Pin To Net: NetName=CW_LOW Pin=J2-6
Added Pin To Net: NetName=CW_LOW Pin=R9-2
Added Net: Name=CW_LOW
Added Pin To Net: NetName=DAT0 Pin=J1-7
Added Pin To Net: NetName=DAT0 Pin=J2-11
Added Net: Name=DAT0
Added Pin To Net: NetName=DATA2 Pin=J1-1
Added Net: Name=DATA2
Added Pin To Net: NetName=DETECT Pin=J1-DT
Added Pin To Net: NetName=DETECT Pin=J2-18
Added Net: Name=DETECT
Added Pin To Net: NetName=GND Pin=C1-1
Added Pin To Net: NetName=GND Pin=C2-1
Added Pin To Net: NetName=GND Pin=C3-1
Added Pin To Net: NetName=GND Pin=C4-1
Added Pin To Net: NetName=GND Pin=C5-1
Added Pin To Net: NetName=GND Pin=C6-1
Added Pin To Net: NetName=GND Pin=C7-1
Added Pin To Net: NetName=GND Pin=C8-1
Added Pin To Net: NetName=GND Pin=J1-6
Added Pin To Net: NetName=GND Pin=J1-P1
Added Pin To Net: NetName=GND Pin=J1-P2
Added Pin To Net: NetName=GND Pin=J1-P3
Added Pin To Net: NetName=GND Pin=J1-P4
Added Pin To Net: NetName=GND Pin=J1-P5
Added Pin To Net: NetName=GND Pin=J2-3
Added Pin To Net: NetName=GND Pin=J2-9
Added Pin To Net: NetName=GND Pin=J2-10
Added Pin To Net: NetName=GND Pin=J2-14
Added Pin To Net: NetName=GND Pin=J2-19
Added Pin To Net: NetName=GND Pin=J2-20
Added Pin To Net: NetName=GND Pin=J2-21
Added Pin To Net: NetName=GND Pin=J2-22
Added Pin To Net: NetName=GND Pin=LCD1-1
Added Pin To Net: NetName=GND Pin=SW1-2
Added Pin To Net: NetName=GND Pin=SW2-2
Added Pin To Net: NetName=GND Pin=SW3-2
Added Pin To Net: NetName=GND Pin=SW3-4
Added Pin To Net: NetName=GND Pin=SW3-6
Added Pin To Net: NetName=GND Pin=SW3-7
Added Net: Name=GND
Added Pin To Net: NetName=NetJ1_2 Pin=J1-2
Added Pin To Net: NetName=NetJ1_2 Pin=J2-17
Added Net: Name=NetJ1_2
Added Pin To Net: NetName=NetJ2_12 Pin=J2-12
Added Net: Name=NetJ2_12
Added Pin To Net: NetName=NetJ2_13 Pin=J2-13
Added Net: Name=NetJ2_13
Added Pin To Net: NetName=NetQ1_1 Pin=Q1-1
Added Pin To Net: NetName=NetQ1_1 Pin=R2-2
Added Net: Name=NetQ1_1
Added Pin To Net: NetName=NetQ2_1 Pin=Q2-1
Added Pin To Net: NetName=NetQ2_1 Pin=R4-2
Added Net: Name=NetQ2_1
Added Pin To Net: NetName=ROT_SW Pin=C7-2
Added Pin To Net: NetName=ROT_SW Pin=J2-8
Added Pin To Net: NetName=ROT_SW Pin=R12-2
Added Net: Name=ROT_SW
Added Pin To Net: NetName=ROT SW A Pin=R8-1
Added Pin To Net: NetName=ROT SW A Pin=R9-1
Added Pin To Net: NetName=ROT SW A Pin=SW3-5
Added Net: Name=ROT SW A
Added Pin To Net: NetName=ROT SW B Pin=R10-2
Added Pin To Net: NetName=ROT SW B Pin=R13-1
Added Pin To Net: NetName=ROT SW B Pin=SW3-3
Added Net: Name=ROT SW B
Added Pin To Net: NetName=ROT SW PB1 Pin=R7-1
Added Pin To Net: NetName=ROT SW PB1 Pin=R12-1
Added Pin To Net: NetName=ROT SW PB1 Pin=SW3-1
Added Net: Name=ROT SW PB1
Added Pin To Net: NetName=SCL_5V Pin=LCD1-4
Added Pin To Net: NetName=SCL_5V Pin=Q1-3
Added Pin To Net: NetName=SCL_5V Pin=R3-1
Added Net: Name=SCL_5V
Added Pin To Net: NetName=SCL Pin=J2-15
Added Pin To Net: NetName=SCL Pin=Q1-2
Added Net: Name=SCL
Added Pin To Net: NetName=SDA_5V Pin=LCD1-3
Added Pin To Net: NetName=SDA_5V Pin=Q2-3
Added Pin To Net: NetName=SDA_5V Pin=R6-1
Added Net: Name=SDA_5V
Added Pin To Net: NetName=SDA Pin=J2-16
Added Pin To Net: NetName=SDA Pin=Q2-2
Added Net: Name=SDA
Added Pin To Net: NetName=SW1 Pin=C4-2
Added Pin To Net: NetName=SW1 Pin=J2-5
Added Pin To Net: NetName=SW1 Pin=R5-2
Added Pin To Net: NetName=SW1 Pin=SW2-1
Added Net: Name=SW1
Added Pin To Net: NetName=SW2 Pin=C3-2
Added Pin To Net: NetName=SW2 Pin=J2-4
Added Pin To Net: NetName=SW2 Pin=R1-2
Added Pin To Net: NetName=SW2 Pin=SW1-1
Added Net: Name=SW2
Added Pin To Net: NetName=SWITCH Pin=J1-SW
Added Pin To Net: NetName=SWITCH Pin=R11-2
Added Net: Name=SWITCH
Added Class: Name=Eload Gen 3 Power Module - User Inferface
