Removed Pin From Net: NetName=1.5V Pin=C16-1
Removed Pin From Net: NetName=+5V Pin=C16-2
Removed Pin From Net: NetName=GND Pin=C28-2
Removed Pin From Net: NetName=GND Pin=C29-1
Removed Pin From Net: NetName=+12 Pin=C29-2
Removed Pin From Net: NetName=GND Pin=C30-1
Removed Pin From Net: NetName=+5V Pin=C30-2
Removed Pin From Net: NetName=GND Pin=C31-1
Removed Pin From Net: NetName=1.5V Pin=C31-2
Removed Pin From Net: NetName=IREF_FILT Pin=C37-2
Removed Pin From Net: NetName=GND Pin=C38-1
Removed Pin From Net: NetName=ISENSE_FILT Pin=C38-2
Removed Pin From Net: NetName=1.5V Pin=C42-1
Removed Pin From Net: NetName=GND Pin=Q1-3
Removed Pin From Net: NetName=1.5V Pin=Q2-3
Removed Pin From Net: NetName=I_LO_GD Pin=Q3-1
Removed Pin From Net: NetName=GND Pin=Q3-3
Removed Pin From Net: NetName=I_MED_GD Pin=Q4-1
Removed Pin From Net: NetName=GND Pin=Q4-3
Removed Pin From Net: NetName=GND Pin=Q5-3
Removed Pin From Net: NetName=GND Pin=Q6-3
Removed Pin From Net: NetName=GND Pin=Q7-3
Removed Pin From Net: NetName=1.5V Pin=Q8-3
Removed Pin From Net: NetName=GND Pin=Q10-3
Removed Pin From Net: NetName=I_HI_GD Pin=Q11-1
Removed Pin From Net: NetName=GND Pin=Q11-3
Removed Pin From Net: NetName=GND Pin=Q12-3
Removed Pin From Net: NetName=GND Pin=Q13-2
Removed Pin From Net: NetName=+3.3V Pin=Q14-1
Removed Pin From Net: NetName=SCL Pin=Q14-2
Removed Pin From Net: NetName=+3.3V Pin=Q15-1
Removed Pin From Net: NetName=SDA Pin=Q15-2
Removed Pin From Net: NetName=+5V Pin=R3-2
Removed Pin From Net: NetName=+5V Pin=R4-2
Removed Pin From Net: NetName=+5V Pin=R16-2
Removed Pin From Net: NetName=+5V Pin=R20-2
Removed Pin From Net: NetName=+12 Pin=R23-1
Removed Pin From Net: NetName=+12 Pin=R29-2
Removed Pin From Net: NetName=DIGI_LD_GATECNTRL Pin=R31-1
Removed Pin From Net: NetName=CMPEN_OP Pin=R39-2
Removed Pin From Net: NetName=GND Pin=R40-1
Removed Pin From Net: NetName=CMPEN_OP Pin=R41-1
Removed Pin From Net: NetName=NetC25_2 Pin=R41-2
Removed Pin From Net: NetName=GND Pin=R42-2
Removed Pin From Net: NetName=GND Pin=R43-2
Removed Pin From Net: NetName=GATE_DRV_A Pin=R46-1
Removed Pin From Net: NetName=IREF Pin=R47-1
Removed Pin From Net: NetName=IREF_FILT Pin=R47-2
Removed Pin From Net: NetName=GATE_DRV_B Pin=R48-1
Removed Pin From Net: NetName=ISENSE Pin=R49-1
Removed Pin From Net: NetName=ISENSE_FILT Pin=R49-2
Removed Pin From Net: NetName=GND Pin=R50-1
Removed Pin From Net: NetName=GATE_DRV_B Pin=R50-2
Removed Pin From Net: NetName=GND Pin=R51-1
Removed Pin From Net: NetName=GATE_DRV_A Pin=R51-2
Removed Pin From Net: NetName=+12 Pin=R52-1
Removed Pin From Net: NetName=ISENSE_FILT Pin=R52-2
Removed Pin From Net: NetName=GND Pin=R53-1
Removed Pin From Net: NetName=ISENSE_FILT Pin=R53-2
Removed Pin From Net: NetName=+12 Pin=R55-1
Removed Pin From Net: NetName=+5V Pin=R56-2
Removed Pin From Net: NetName=1.5V Pin=R57-1
Removed Pin From Net: NetName=GND Pin=R58-1
Removed Pin From Net: NetName=V_LD_SENSE_B Pin=R58-2
Removed Pin From Net: NetName=GND Pin=R59-1
Removed Pin From Net: NetName=V_LD_SENSE_A Pin=R59-2
Removed Pin From Net: NetName=NetC23_2 Pin=U4-2
Removed Pin From Net: NetName=NetC23_2 Pin=U4-3
Removed Pin From Net: NetName=VSENSE Pin=U4-4
Removed Pin From Net: NetName=+5V Pin=U4-5
Removed Pin From Net: NetName=+5V Pin=U4-6
Removed Pin From Net: NetName=1.5V Pin=U4-11
Removed Pin From Net: NetName=GND Pin=U4-12
Removed Pin From Net: NetName=1.5V Pin=U4-14
Removed Pin From Net: NetName=NetC42_2 Pin=U4-15
Removed Pin From Net: NetName=NetC42_2 Pin=U4-16
Removed Pin From Net: NetName=+12 Pin=U7-1
Removed Pin From Net: NetName=DIGI_LD_GATECNTRL Pin=U7-2
Removed Pin From Net: NetName=GND Pin=U7-4
Removed Pin From Net: NetName=ISENSE_FILT Pin=U9-2
Removed Pin From Net: NetName=IREF_FILT Pin=U9-3
Removed Pin From Net: NetName=GND Pin=U9-4
Removed Pin From Net: NetName=GND Pin=U9-6
Removed Pin From Net: NetName=+12 Pin=U9-8
Removed Member From Class: ClassName=Eload Power Module Support - Gen 2 Member=C16
Removed Member From Class: ClassName=Eload Power Module Support - Gen 2 Member=C27
Removed Member From Class: ClassName=Eload Power Module Support - Gen 2 Member=C28
Removed Member From Class: ClassName=Eload Power Module Support - Gen 2 Member=C29
Removed Member From Class: ClassName=Eload Power Module Support - Gen 2 Member=C30
Removed Member From Class: ClassName=Eload Power Module Support - Gen 2 Member=C31
Removed Member From Class: ClassName=Eload Power Module Support - Gen 2 Member=C38
Removed Member From Class: ClassName=Eload Power Module Support - Gen 2 Member=Q1
Removed Member From Class: ClassName=Eload Power Module Support - Gen 2 Member=Q2
Removed Member From Class: ClassName=Eload Power Module Support - Gen 2 Member=Q7
Removed Member From Class: ClassName=Eload Power Module Support - Gen 2 Member=Q8
Removed Member From Class: ClassName=Eload Power Module Support - Gen 2 Member=Q9
Removed Member From Class: ClassName=Eload Power Module Support - Gen 2 Member=Q10
Removed Member From Class: ClassName=Eload Power Module Support - Gen 2 Member=Q13
Removed Member From Class: ClassName=Eload Power Module Support - Gen 2 Member=Q14
Removed Member From Class: ClassName=Eload Power Module Support - Gen 2 Member=Q15
Removed Member From Class: ClassName=Eload Power Module Support - Gen 2 Member=R3
Removed Member From Class: ClassName=Eload Power Module Support - Gen 2 Member=R4
Removed Member From Class: ClassName=Eload Power Module Support - Gen 2 Member=R9
Removed Member From Class: ClassName=Eload Power Module Support - Gen 2 Member=R16
Removed Member From Class: ClassName=Eload Power Module Support - Gen 2 Member=R20
Removed Member From Class: ClassName=Eload Power Module Support - Gen 2 Member=R21
Removed Member From Class: ClassName=Eload Power Module Support - Gen 2 Member=R23
Removed Member From Class: ClassName=Eload Power Module Support - Gen 2 Member=R29
Removed Member From Class: ClassName=Eload Power Module Support - Gen 2 Member=R31
Removed Member From Class: ClassName=Eload Power Module Support - Gen 2 Member=R39
Removed Member From Class: ClassName=Eload Power Module Support - Gen 2 Member=R41
Removed Member From Class: ClassName=Eload Power Module Support - Gen 2 Member=R42
Removed Member From Class: ClassName=Eload Power Module Support - Gen 2 Member=R43
Removed Member From Class: ClassName=Eload Power Module Support - Gen 2 Member=R46
Removed Member From Class: ClassName=Eload Power Module Support - Gen 2 Member=R47
Removed Member From Class: ClassName=Eload Power Module Support - Gen 2 Member=R48
Removed Member From Class: ClassName=Eload Power Module Support - Gen 2 Member=R49
Removed Member From Class: ClassName=Eload Power Module Support - Gen 2 Member=R50
Removed Member From Class: ClassName=Eload Power Module Support - Gen 2 Member=R51
Removed Member From Class: ClassName=Eload Power Module Support - Gen 2 Member=R52
Removed Member From Class: ClassName=Eload Power Module Support - Gen 2 Member=R53
Removed Member From Class: ClassName=Eload Power Module Support - Gen 2 Member=R55
Removed Member From Class: ClassName=Eload Power Module Support - Gen 2 Member=R56
Removed Member From Class: ClassName=Eload Power Module Support - Gen 2 Member=R57
Removed Member From Class: ClassName=Eload Power Module Support - Gen 2 Member=R58
Removed Member From Class: ClassName=Eload Power Module Support - Gen 2 Member=R59
Removed Member From Class: ClassName=Eload Power Module Support - Gen 2 Member=U4
Removed Member From Class: ClassName=Eload Power Module Support - Gen 2 Member=U7
Removed Member From Class: ClassName=Eload Power Module Support - Gen 2 Member=U9
Change Component DesignItemId : Designator=R13 Old DesignItemId=Res,0805,1.00 kO,5%,200ppm,CRCW08051K00JNEA New DesignItemId=Res,0805,1.00 kO,5%,200ppm,CRCW08051K00JNEA
Change Component DesignItemId : Designator=R15 Old DesignItemId=Res,0805,1.00 kO,5%,200ppm,CRCW08051K00JNEA New DesignItemId=Res,0805,1.00 kO,5%,200ppm,CRCW08051K00JNEA
Change Component DesignItemId : Designator=R26 Old DesignItemId=Res,0805,1.00 kO,5%,200ppm,CRCW08051K00JNEA New DesignItemId=Res,0805,1.00 kO,5%,200ppm,CRCW08051K00JNEA
Change Component DesignItemId : Designator=R28 Old DesignItemId=Res,0805,1.00 kO,5%,200ppm,CRCW08051K00JNEA New DesignItemId=Res,0805,1.00 kO,5%,200ppm,CRCW08051K00JNEA
Change Component DesignItemId : Designator=R37 Old DesignItemId=Res,0805,1.00 kO,5%,200ppm,CRCW08051K00JNEA New DesignItemId=Res,0805,1.00 kO,5%,200ppm,CRCW08051K00JNEA
Change Component DesignItemId : Designator=R38 Old DesignItemId=Res,0805,1.00 kO,5%,200ppm,CRCW08051K00JNEA New DesignItemId=Res,0805,1.00 kO,5%,200ppm,CRCW08051K00JNEA
Change Component DesignItemId : Designator=R40 Old DesignItemId=Res,0805,1.00 kO,5%,200ppm,CRCW08051K00JNEA New DesignItemId=Res,0805,1.00 kO,5%,200ppm,CRCW08051K00JNEA
Change Component DesignItemId : Designator=R44 Old DesignItemId=Res,0805,1.00 kO,5%,200ppm,CRCW08051K00JNEA New DesignItemId=Res,0805,1.00 kO,5%,200ppm,CRCW08051K00JNEA
Change Component DesignItemId : Designator=R33 Old DesignItemId=Res,0805,2.2KO,±1%,100.0 ppm/°C,150.0 V,CRCW08052K20FKEA New DesignItemId=Res,0805,2.2KO,±1%,100.0 ppm/°C,150.0 V,CRCW08052K20FKEA
Change Component DesignItemId : Designator=R54 Old DesignItemId=Res,0805,2.2KO,±1%,100.0 ppm/°C,150.0 V,CRCW08052K20FKEA New DesignItemId=Res,0805,2.2KO,±1%,100.0 ppm/°C,150.0 V,CRCW08052K20FKEA
Change Component DesignItemId : Designator=R5 Old DesignItemId=Res,0805,10.0kO,1%,100 ppm,CRCW080510K0FKTA New DesignItemId=Res,0805,10.0kO,1%,100 ppm,CRCW080510K0FKTA
Change Component DesignItemId : Designator=R6 Old DesignItemId=Res,0805,10.0kO,1%,100 ppm,CRCW080510K0FKTA New DesignItemId=Res,0805,10.0kO,1%,100 ppm,CRCW080510K0FKTA
Change Component DesignItemId : Designator=R18 Old DesignItemId=Res,0805,10.0kO,1%,100 ppm,CRCW080510K0FKTA New DesignItemId=Res,0805,10.0kO,1%,100 ppm,CRCW080510K0FKTA
Change Component DesignItemId : Designator=R24 Old DesignItemId=Res,0805,10.0kO,1%,100 ppm,CRCW080510K0FKTA New DesignItemId=Res,0805,10.0kO,1%,100 ppm,CRCW080510K0FKTA
Change Component DesignItemId : Designator=R32 Old DesignItemId=Res,0805,10.0kO,1%,100 ppm,CRCW080510K0FKTA New DesignItemId=Res,0805,10.0kO,1%,100 ppm,CRCW080510K0FKTA
Change Component DesignItemId : Designator=R34 Old DesignItemId=Res,0805,10.0kO,1%,100 ppm,CRCW080510K0FKTA New DesignItemId=Res,0805,10.0kO,1%,100 ppm,CRCW080510K0FKTA
Change Component DesignItemId : Designator=R45 Old DesignItemId=Res,0805,10.0kO,1%,100 ppm,CRCW080510K0FKTA New DesignItemId=Res,0805,10.0kO,1%,100 ppm,CRCW080510K0FKTA
Change Component DesignItemId : Designator=R2 Old DesignItemId=Res,0805,15KO,1%,±100ppm/°C,CRGCQ0805F15K New DesignItemId=Res,0805,15KO,1%,±100ppm/°C,CRGCQ0805F15K
Change Component DesignItemId : Designator=R27 Old DesignItemId=Res,0805,33O,±5%,200ppm,CR0805-JW-330ELF New DesignItemId=Res,0805,33O,±5%,200ppm,CR0805-JW-330ELF
Change Component DesignItemId : Designator=R30 Old DesignItemId=Res,0805,33O,±5%,200ppm,CR0805-JW-330ELF New DesignItemId=Res,0805,33O,±5%,200ppm,CR0805-JW-330ELF
Change Component DesignItemId : Designator=R1 Old DesignItemId=Res,0805,82.5KO,0.1%,25ppm, TNPW080582K5BEEA New DesignItemId=Res,0805,82.5KO,0.1%,25ppm, TNPW080582K5BEEA
Change Component DesignItemId : Designator=R10 Old DesignItemId=Res,0805,82.5KO,0.1%,25ppm, TNPW080582K5BEEA New DesignItemId=Res,0805,82.5KO,0.1%,25ppm, TNPW080582K5BEEA
Change Component DesignItemId : Designator=R19 Old DesignItemId=Res,0805,82.5KO,0.1%,25ppm, TNPW080582K5BEEA New DesignItemId=Res,0805,82.5KO,0.1%,25ppm, TNPW080582K5BEEA
Change Component DesignItemId : Designator=R7 Old DesignItemId=Res,0805,100kO,1%,100ppm,CRCW0805100KFKEA New DesignItemId=Res,0805,100kO,1%,100ppm,CRCW0805100KFKEA
Change Component DesignItemId : Designator=R8 Old DesignItemId=Res,0805,100kO,1%,100ppm,CRCW0805100KFKEA New DesignItemId=Res,0805,100kO,1%,100ppm,CRCW0805100KFKEA
Change Component DesignItemId : Designator=R11 Old DesignItemId=Res,0805,100kO,1%,100ppm,CRCW0805100KFKEA New DesignItemId=Res,0805,100kO,1%,100ppm,CRCW0805100KFKEA
Change Component DesignItemId : Designator=R12 Old DesignItemId=Res,0805,100kO,1%,100ppm,CRCW0805100KFKEA New DesignItemId=Res,0805,100kO,1%,100ppm,CRCW0805100KFKEA
Change Component DesignItemId : Designator=R35 Old DesignItemId=Res,0805,100kO,1%,100ppm,CRCW0805100KFKEA New DesignItemId=Res,0805,100kO,1%,100ppm,CRCW0805100KFKEA
Change Component DesignItemId : Designator=R36 Old DesignItemId=Res,0805,100kO,1%,100ppm,CRCW0805100KFKEA New DesignItemId=Res,0805,100kO,1%,100ppm,CRCW0805100KFKEA
Change Component DesignItemId : Designator=R22 Old DesignItemId=Res,1206,1Meg O,0.1%,±15ppm/°C,0.25W,TNPV12061M00BXEN New DesignItemId=Res,1206,1Meg O,0.1%,±15ppm/°C,0.25W,TNPV12061M00BXEN
Change Component DesignItemId : Designator=R25 Old DesignItemId=Res,1206,1Meg O,0.1%,±15ppm/°C,0.25W,TNPV12061M00BXEN New DesignItemId=Res,1206,1Meg O,0.1%,±15ppm/°C,0.25W,TNPV12061M00BXEN
Change Component Library : Designator=Q3 Old Library=Master Oct28_2018.SchLib New Library=Master JULY2019.SchLib
Change Component Library : Designator=Q4 Old Library=Master Oct28_2018.SchLib New Library=Master JULY2019.SchLib
Change Component Library : Designator=Q5 Old Library=Master Oct28_2018.SchLib New Library=Master JULY2019.SchLib
Change Component Library : Designator=Q6 Old Library=Master Oct28_2018.SchLib New Library=Master JULY2019.SchLib
Change Component Library : Designator=Q11 Old Library=Master Oct28_2018.SchLib New Library=Master JULY2019.SchLib
Change Component Library : Designator=Q12 Old Library=Master Oct28_2018.SchLib New Library=Master JULY2019.SchLib
Added Component: Designator=C22(CAP, 0805, HD)
Added Component: Designator=C23(Cap,0805)
Added Component: Designator=C32(CAP, 0805, HD)
Added Component: Designator=C42(Cap,0805)
Added Component: Designator=C43(CAP, 0805, HD)
Added Component: Designator=C44(Cap, 1206)
Added Component: Designator=C45(Cap, 1206)
Added Component: Designator=C421(Cap,0805)
Added Component: Designator=D4(SOT23-3)
Added Component: Designator=D6(SOT23-3)
Added Component: Designator=Q?(SOT23-3)
Added Component: Designator=R22(Res,1206)
Added Component: Designator=R24(res, 0805, HD)
Added Component: Designator=R25(Res,1206)
Added Component: Designator=R26(res, 0805, HD)
Added Component: Designator=R?(res, 0805, HD)
Added Component: Designator=R?(res, 0805, HD)
Added Component: Designator=R?(res, 0805, HD)
Added Component: Designator=R?(res, 0805, HD)
Added Component: Designator=R?(res, 0805, HD)
Added Component: Designator=R?(res, 0805, HD)
Added Component: Designator=R?(res, 0805, HD)
Added Component: Designator=R?(res, 0805, HD)
Added Component: Designator=R?(res, 0805, HD)
Added Component: Designator=R?(res, 0805, HD)
Added Component: Designator=U6(SOT23-5)
Added Pin To Net: NetName=GND Pin=C22-1
Added Pin To Net: NetName=GND Pin=C32-1
Added Pin To Net: NetName=3V Pin=C32-2
Added Pin To Net: NetName=ISENSE_FILT Pin=C37-2
Added Pin To Net: NetName=GND Pin=C42-1
Added Pin To Net: NetName=GND Pin=C42-1
Added Pin To Net: NetName=GND Pin=C43-1
Added Pin To Net: NetName=+3.3V Pin=C43-2
Added Pin To Net: NetName=GND Pin=C44-1
Added Pin To Net: NetName=V_LD_SENSE_A Pin=C44-2
Added Pin To Net: NetName=GND Pin=C45-1
Added Pin To Net: NetName=V_LD_SENSE_B Pin=C45-2
Added Pin To Net: NetName=IREF_FILT Pin=C421-1
Added Pin To Net: NetName=GND Pin=C421-2
Added Pin To Net: NetName=GND Pin=D4-1
Added Pin To Net: NetName=3V Pin=D4-2
Added Pin To Net: NetName=GND Pin=D6-1
Added Pin To Net: NetName=3V Pin=D6-2
Added Pin To Net: NetName=GND Pin=Q3-2
Added Pin To Net: NetName=I_LO_GD Pin=Q3-3
Added Pin To Net: NetName=GND Pin=Q4-2
Added Pin To Net: NetName=I_MED_GD Pin=Q4-3
Added Pin To Net: NetName=GND Pin=Q5-2
Added Pin To Net: NetName=GND Pin=Q6-2
Added Pin To Net: NetName=GND Pin=Q11-2
Added Pin To Net: NetName=I_HI_GD Pin=Q11-3
Added Pin To Net: NetName=GND Pin=Q12-2
Added Pin To Net: NetName=GND Pin=Q?-2
Added Pin To Net: NetName=IREF_FILT Pin=Q?-3
Added Pin To Net: NetName=V_LD_SENSE_A Pin=R22-2
Added Pin To Net: NetName=GND Pin=R24-1
Added Pin To Net: NetName=V_LD_SENSE_B Pin=R25-2
Added Pin To Net: NetName=ISENSE_FILT Pin=R40-1
Added Pin To Net: NetName=GATE_DRV_A Pin=R?-1
Added Pin To Net: NetName=GATE_DRV_B Pin=R?-1
Added Pin To Net: NetName=GND Pin=R?-1
Added Pin To Net: NetName=IREF_FILT Pin=R?-1
Added Pin To Net: NetName=ISENSE_FILT Pin=R?-1
Added Pin To Net: NetName=NetC42_2 Pin=R?-1
Added Pin To Net: NetName=VSENSE Pin=R?-1
Added Pin To Net: NetName=CMPEN_OP Pin=R?-2
Added Pin To Net: NetName=CMPEN_OP Pin=R?-2
Added Pin To Net: NetName=DIGI_LD_GATECNTRL Pin=R?-2
Added Pin To Net: NetName=GND Pin=R?-2
Added Pin To Net: NetName=GND Pin=R?-2
Added Pin To Net: NetName=IREF Pin=R?-2
Added Pin To Net: NetName=ISENSE Pin=R?-2
Added Pin To Net: NetName=NetC23_2 Pin=R?-2
Added Pin To Net: NetName=GND Pin=U6-2
Added Pin To Net: NetName=+3.3V Pin=U6-5
Added Pin To Net: NetName=IREF_FILT Pin=U12-3
Change Net Name : Old Net Name=VSENSE New Net Name=VSENSE+
Added Pin To Net: NetName=NetQ3_1 Pin=Q3-1
Added Pin To Net: NetName=NetQ3_1 Pin=Q5-3
Added Pin To Net: NetName=NetQ3_1 Pin=R7-1
Added Net: Name=NetQ3_1
Added Pin To Net: NetName=NetQ4_1 Pin=Q4-1
Added Pin To Net: NetName=NetQ4_1 Pin=Q6-3
Added Pin To Net: NetName=NetQ4_1 Pin=R8-1
Added Net: Name=NetQ4_1
Added Pin To Net: NetName=NetQ5_1 Pin=Q5-1
Added Pin To Net: NetName=NetQ5_1 Pin=R13-2
Added Net: Name=NetQ5_1
Added Pin To Net: NetName=NetQ6_1 Pin=Q6-1
Added Pin To Net: NetName=NetQ6_1 Pin=R15-2
Added Net: Name=NetQ6_1
Added Pin To Net: NetName=NetQ11_1 Pin=Q11-1
Added Pin To Net: NetName=NetQ11_1 Pin=Q12-3
Added Pin To Net: NetName=NetQ11_1 Pin=R35-1
Added Net: Name=NetQ11_1
Added Pin To Net: NetName=NetQ12_1 Pin=Q12-1
Added Pin To Net: NetName=NetQ12_1 Pin=R37-2
Added Net: Name=NetQ12_1
Added Pin To Net: NetName=NetQ?_1 Pin=Q?-1
Added Pin To Net: NetName=NetQ?_1 Pin=R?-1
Added Pin To Net: NetName=NetQ?_1 Pin=R?-2
Added Net: Name=NetQ?_1
Added Pin To Net: NetName=VSENSE- Pin=C23-1
Added Pin To Net: NetName=VSENSE- Pin=R24-2
Added Pin To Net: NetName=VSENSE- Pin=R26-1
Added Pin To Net: NetName=VSENSE- Pin=R?-1
Added Pin To Net: NetName=VSENSE- Pin=U6-1
Added Net: Name=VSENSE-
Change Class Name : Old Net Name=Eload Power Module Support - Gen 2 New Net Name=Eload Gen 3 Control Module
Added Member To Class: ClassName=Eload Gen 3 Control Module Member=Component C421 10nF
Added Member To Class: ClassName=Eload Gen 3 Control Module Member=Component Q? 2N7002ET1G
Added Member To Class: ClassName=Eload Gen 3 Control Module Member=Component R? Res1
