Removed Pin From Net: NetName=VSENSE- Pin=C23-1
Removed Pin From Net: NetName=GND Pin=C44-1
Removed Pin From Net: NetName=V_LD_SENSE_A Pin=C44-2
Removed Pin From Net: NetName=V_LD_SENSE_B Pin=C44-2
Removed Pin From Net: NetName=GND Pin=C45-1
Removed Pin From Net: NetName=V_LD_SENSE_A Pin=C45-2
Removed Pin From Net: NetName=V_LD_SENSE_B Pin=C45-2
Change Component DesignItemId : Designator=R13 Old DesignItemId=Res,0805,1.00 kO,5%,200ppm,CRCW08051K00JNEA New DesignItemId=Res,0805,1.00 kO,5%,200ppm,CRCW08051K00JNEA
Change Component DesignItemId : Designator=R15 Old DesignItemId=Res,0805,1.00 kO,5%,200ppm,CRCW08051K00JNEA New DesignItemId=Res,0805,1.00 kO,5%,200ppm,CRCW08051K00JNEA
Change Component DesignItemId : Designator=R26 Old DesignItemId=Res,0805,1.00 kO,5%,200ppm,CRCW08051K00JNEA New DesignItemId=Res,0805,1.00 kO,5%,200ppm,CRCW08051K00JNEA
Change Component DesignItemId : Designator=R26 Old DesignItemId=Res,0805,1.00 kO,5%,200ppm,CRCW08051K00JNEA New DesignItemId=Res,0805,1.00 kO,5%,200ppm,CRCW08051K00JNEA
Change Component DesignItemId : Designator=R28 Old DesignItemId=Res,0805,1.00 kO,5%,200ppm,CRCW08051K00JNEA New DesignItemId=Res,0805,1.00 kO,5%,200ppm,CRCW08051K00JNEA
Change Component DesignItemId : Designator=R37 Old DesignItemId=Res,0805,1.00 kO,5%,200ppm,CRCW08051K00JNEA New DesignItemId=Res,0805,1.00 kO,5%,200ppm,CRCW08051K00JNEA
Change Component DesignItemId : Designator=R38 Old DesignItemId=Res,0805,1.00 kO,5%,200ppm,CRCW08051K00JNEA New DesignItemId=Res,0805,1.00 kO,5%,200ppm,CRCW08051K00JNEA
Change Component DesignItemId : Designator=R40 Old DesignItemId=Res,0805,1.00 kO,5%,200ppm,CRCW08051K00JNEA New DesignItemId=Res,0805,1.00 kO,5%,200ppm,CRCW08051K00JNEA
Change Component DesignItemId : Designator=R44 Old DesignItemId=Res,0805,1.00 kO,5%,200ppm,CRCW08051K00JNEA New DesignItemId=Res,0805,1.00 kO,5%,200ppm,CRCW08051K00JNEA
Change Component DesignItemId : Designator=R33 Old DesignItemId=Res,0805,2.2KO,±1%,100.0 ppm/°C,150.0 V,CRCW08052K20FKEA New DesignItemId=Res,0805,2.2KO,±1%,100.0 ppm/°C,150.0 V,CRCW08052K20FKEA
Change Component DesignItemId : Designator=R54 Old DesignItemId=Res,0805,2.2KO,±1%,100.0 ppm/°C,150.0 V,CRCW08052K20FKEA New DesignItemId=Res,0805,2.2KO,±1%,100.0 ppm/°C,150.0 V,CRCW08052K20FKEA
Change Component DesignItemId : Designator=R3 Old DesignItemId=Res,0805,7.5kO,0.5%,±50ppm/°C,RT0805DRE077K5L New DesignItemId=Res,0805,7.5kO,0.5%,±50ppm/°C,RT0805DRE077K5L
Change Component DesignItemId : Designator=R4 Old DesignItemId=Res,0805,7.5kO,0.5%,±50ppm/°C,RT0805DRE077K5L New DesignItemId=Res,0805,7.5kO,0.5%,±50ppm/°C,RT0805DRE077K5L
Change Component DesignItemId : Designator=R9 Old DesignItemId=Res,0805,7.5kO,0.5%,±50ppm/°C,RT0805DRE077K5L New DesignItemId=Res,0805,7.5kO,0.5%,±50ppm/°C,RT0805DRE077K5L
Change Component DesignItemId : Designator=R16 Old DesignItemId=Res,0805,7.5kO,0.5%,±50ppm/°C,RT0805DRE077K5L New DesignItemId=Res,0805,7.5kO,0.5%,±50ppm/°C,RT0805DRE077K5L
Change Component DesignItemId : Designator=R5 Old DesignItemId=Res,0805,10.0kO,1%,100 ppm,CRCW080510K0FKTA New DesignItemId=Res,0805,10.0kO,1%,100 ppm,CRCW080510K0FKTA
Change Component DesignItemId : Designator=R6 Old DesignItemId=Res,0805,10.0kO,1%,100 ppm,CRCW080510K0FKTA New DesignItemId=Res,0805,10.0kO,1%,100 ppm,CRCW080510K0FKTA
Change Component DesignItemId : Designator=R18 Old DesignItemId=Res,0805,10.0kO,1%,100 ppm,CRCW080510K0FKTA New DesignItemId=Res,0805,10.0kO,1%,100 ppm,CRCW080510K0FKTA
Change Component DesignItemId : Designator=R24 Old DesignItemId=Res,0805,10.0kO,1%,100 ppm,CRCW080510K0FKTA New DesignItemId=Res,0805,10.0kO,1%,100 ppm,CRCW080510K0FKTA
Change Component DesignItemId : Designator=R24 Old DesignItemId=Res,0805,10.0kO,1%,100 ppm,CRCW080510K0FKTA New DesignItemId=Res,0805,10.0kO,1%,100 ppm,CRCW080510K0FKTA
Change Component DesignItemId : Designator=R29 Old DesignItemId=Res,0805,10.0kO,1%,100 ppm,CRCW080510K0FKTA New DesignItemId=Res,0805,10.0kO,1%,100 ppm,CRCW080510K0FKTA
Change Component DesignItemId : Designator=R32 Old DesignItemId=Res,0805,10.0kO,1%,100 ppm,CRCW080510K0FKTA New DesignItemId=Res,0805,10.0kO,1%,100 ppm,CRCW080510K0FKTA
Change Component DesignItemId : Designator=R34 Old DesignItemId=Res,0805,10.0kO,1%,100 ppm,CRCW080510K0FKTA New DesignItemId=Res,0805,10.0kO,1%,100 ppm,CRCW080510K0FKTA
Change Component DesignItemId : Designator=R39 Old DesignItemId=Res,0805,10.0kO,1%,100 ppm,CRCW080510K0FKTA New DesignItemId=Res,0805,10.0kO,1%,100 ppm,CRCW080510K0FKTA
Change Component DesignItemId : Designator=R45 Old DesignItemId=Res,0805,10.0kO,1%,100 ppm,CRCW080510K0FKTA New DesignItemId=Res,0805,10.0kO,1%,100 ppm,CRCW080510K0FKTA
Change Component DesignItemId : Designator=R2 Old DesignItemId=Res,0805,15KO,1%,±100ppm/°C,CRGCQ0805F15K New DesignItemId=Res,0805,15KO,1%,±100ppm/°C,CRGCQ0805F15K
Change Component DesignItemId : Designator=R27 Old DesignItemId=Res,0805,33O,±5%,200ppm,CR0805-JW-330ELF New DesignItemId=Res,0805,33O,±5%,200ppm,CR0805-JW-330ELF
Change Component DesignItemId : Designator=R30 Old DesignItemId=Res,0805,33O,±5%,200ppm,CR0805-JW-330ELF New DesignItemId=Res,0805,33O,±5%,200ppm,CR0805-JW-330ELF
Change Component DesignItemId : Designator=R1 Old DesignItemId=Res,0805,82.5KO,0.1%,25ppm, TNPW080582K5BEEA New DesignItemId=Res,0805,82.5KO,0.1%,25ppm, TNPW080582K5BEEA
Change Component DesignItemId : Designator=R10 Old DesignItemId=Res,0805,82.5KO,0.1%,25ppm, TNPW080582K5BEEA New DesignItemId=Res,0805,82.5KO,0.1%,25ppm, TNPW080582K5BEEA
Change Component DesignItemId : Designator=R19 Old DesignItemId=Res,0805,82.5KO,0.1%,25ppm, TNPW080582K5BEEA New DesignItemId=Res,0805,82.5KO,0.1%,25ppm, TNPW080582K5BEEA
Change Component DesignItemId : Designator=R7 Old DesignItemId=Res,0805,100kO,1%,100ppm,CRCW0805100KFKEA New DesignItemId=Res,0805,100kO,1%,100ppm,CRCW0805100KFKEA
Change Component DesignItemId : Designator=R8 Old DesignItemId=Res,0805,100kO,1%,100ppm,CRCW0805100KFKEA New DesignItemId=Res,0805,100kO,1%,100ppm,CRCW0805100KFKEA
Change Component DesignItemId : Designator=R11 Old DesignItemId=Res,0805,100kO,1%,100ppm,CRCW0805100KFKEA New DesignItemId=Res,0805,100kO,1%,100ppm,CRCW0805100KFKEA
Change Component DesignItemId : Designator=R12 Old DesignItemId=Res,0805,100kO,1%,100ppm,CRCW0805100KFKEA New DesignItemId=Res,0805,100kO,1%,100ppm,CRCW0805100KFKEA
Change Component DesignItemId : Designator=R35 Old DesignItemId=Res,0805,100kO,1%,100ppm,CRCW0805100KFKEA New DesignItemId=Res,0805,100kO,1%,100ppm,CRCW0805100KFKEA
Change Component DesignItemId : Designator=R36 Old DesignItemId=Res,0805,100kO,1%,100ppm,CRCW0805100KFKEA New DesignItemId=Res,0805,100kO,1%,100ppm,CRCW0805100KFKEA
Change Component DesignItemId : Designator=R20 Old DesignItemId=Res,0805,100O,5%,±200ppm/°C New DesignItemId=Res,0805,100O,5%,±200ppm/°C
Change Component DesignItemId : Designator=R21 Old DesignItemId=Res,0805,221O,1%,100ppm,CRCW0805221RFKTA New DesignItemId=Res,0805,221O,1%,100ppm,CRCW0805221RFKTA
Change Component DesignItemId : Designator=R23 Old DesignItemId=Res,0805,221O,1%,100ppm,CRCW0805221RFKTA New DesignItemId=Res,0805,221O,1%,100ppm,CRCW0805221RFKTA
Change Component DesignItemId : Designator=R31 Old DesignItemId=res,0805,470O,5%,200ppm,CR0805-JW-471ELF New DesignItemId=res,0805,470O,5%,200ppm,CR0805-JW-471ELF
Change Component DesignItemId : Designator=R22 Old DesignItemId=Res,1206,1Meg O,0.1%,±15ppm/°C,0.25W,TNPV12061M00BXEN New DesignItemId=Res,1206,1Meg O,0.1%,±15ppm/°C,0.25W,TNPV12061M00BXEN
Change Component DesignItemId : Designator=R22 Old DesignItemId=Res,1206,1Meg O,0.1%,±15ppm/°C,0.25W,TNPV12061M00BXEN New DesignItemId=Res,1206,1Meg O,0.1%,±15ppm/°C,0.25W,TNPV12061M00BXEN
Change Component DesignItemId : Designator=R25 Old DesignItemId=Res,1206,1Meg O,0.1%,±15ppm/°C,0.25W,TNPV12061M00BXEN New DesignItemId=Res,1206,1Meg O,0.1%,±15ppm/°C,0.25W,TNPV12061M00BXEN
Change Component DesignItemId : Designator=R25 Old DesignItemId=Res,1206,1Meg O,0.1%,±15ppm/°C,0.25W,TNPV12061M00BXEN New DesignItemId=Res,1206,1Meg O,0.1%,±15ppm/°C,0.25W,TNPV12061M00BXEN
Added Component: Designator=C23(Cap,0805)
Added Component: Designator=R41(Res,1210)
Added Component: Designator=R42(Res,1210)
Added Component: Designator=R43(res, 0805, HD)
Added Pin To Net: NetName=VSENSE+ Pin=C23-1
Added Pin To Net: NetName=VSENSE- Pin=C23-1
Added Pin To Net: NetName=NetC23_2 Pin=C23-2
Added Pin To Net: NetName=V_LD_SENSE_B Pin=R41-2
Added Pin To Net: NetName=V_LD_SENSE_A Pin=R42-2
Added Pin To Net: NetName=TEMP SENSE Pin=R43-1
Added Pin To Net: NetName=+3.3V Pin=R43-2
Added Pin To Net: NetName=NetC44_2 Pin=C44-2
Added Pin To Net: NetName=NetC44_2 Pin=R42-1
Added Net: Name=NetC44_2
Added Pin To Net: NetName=NetC45_2 Pin=C45-2
Added Pin To Net: NetName=NetC45_2 Pin=R41-1
Added Net: Name=NetC45_2
Added Member To Class: ClassName=Eload Gen 3 Control Module Member=Component C23 Cap
Added Member To Class: ClassName=Eload Gen 3 Control Module Member=Component Q1 2N7002ET1G
Added Member To Class: ClassName=Eload Gen 3 Control Module Member=Component R3 Res1
Added Member To Class: ClassName=Eload Gen 3 Control Module Member=Component R4 Res1
Added Member To Class: ClassName=Eload Gen 3 Control Module Member=Component R9 Res1
Added Member To Class: ClassName=Eload Gen 3 Control Module Member=Component R20 CRCW0805100RJNEAC
Added Member To Class: ClassName=Eload Gen 3 Control Module Member=Component R21 Vishay Dale CRCW0805221RFKTA
Added Member To Class: ClassName=Eload Gen 3 Control Module Member=Component R23 Vishay Dale CRCW0805221RFKTA
Added Member To Class: ClassName=Eload Gen 3 Control Module Member=Component R29 Vishay / Dale CRCW080510K0FKTA
Added Member To Class: ClassName=Eload Gen 3 Control Module Member=Component R31 Res1
Added Member To Class: ClassName=Eload Gen 3 Control Module Member=Component R39 Vishay / Dale CRCW080510K0FKTA
Added Member To Class: ClassName=Eload Gen 3 Control Module Member=Component R41 RP73D2B10RBTG
Added Member To Class: ClassName=Eload Gen 3 Control Module Member=Component R42 RP73D2B10RBTG
Added Member To Class: ClassName=Eload Gen 3 Control Module Member=Component R43 Res1
