Removed Pin From Net: NetName=GND Pin=C4-1
Removed Pin From Net: NetName=GND Pin=C5-1
Removed Pin From Net: NetName=GND Pin=U2-2
Removed Pin From Net: NetName=+3.3V Pin=U2-3
Removed Pin From Net: NetName=+3.3V Pin=U2-4
Removed Pin From Net: NetName=3V Pin=U2-5
Removed Member From Class: ClassName=Eload Gen 3 Control Module Member=C4
Removed Member From Class: ClassName=Eload Gen 3 Control Module Member=C5
Change Component DesignItemId : Designator=U2 Old DesignItemId=Ref, 1.5V/3V, 5-3.02VdcIn, 20mA,REF2030AIDDCR New DesignItemId=Shunt Regulator,2.5Vdc TL431IDBZT
Change Component Footprint: Designator=U2 Old Footprint=SOT23-5 New Footprint=SOT23-3
Change Component Comment : Designator=U2 Old Comment=REF2030AIDDCR New Comment=Shunt Regulator,2.5Vdc TL431IDBZT
Added Component: Designator=R51(res, 0805, HD)
Added Component: Designator=R52(res, 0805, HD)
Added Component: Designator=R53(res, 0805, HD)
Added Pin To Net: NetName=3V Pin=R51-1
Added Pin To Net: NetName=+3.3V Pin=R51-2
Added Pin To Net: NetName=3V Pin=R52-2
Added Pin To Net: NetName=GND Pin=R53-1
Added Pin To Net: NetName=3V Pin=U2-1
Added Pin To Net: NetName=GND Pin=U2-3
Added Pin To Net: NetName=NetR52_1 Pin=R52-1
Added Pin To Net: NetName=NetR52_1 Pin=R53-2
Added Pin To Net: NetName=NetR52_1 Pin=U2-2
Added Net: Name=NetR52_1
Added Member To Class: ClassName=Eload Gen 3 Control Module Member=Component R51 CRCW0805100RJNEAC
Added Member To Class: ClassName=Eload Gen 3 Control Module Member=Component R52 Res1
Added Member To Class: ClassName=Eload Gen 3 Control Module Member=Component R53 Res1
