Removed Pin From Net: NetName=3V Pin=D4-1
Removed Pin From Net: NetName=GND Pin=D4-2
Removed Pin From Net: NetName=+3.3V Pin=J5-1
Removed Pin From Net: NetName=GND Pin=J5-4
Removed Pin From Net: NetName=GND Pin=Q4-2
Removed Pin From Net: NetName=I_MED_GD Pin=Q4-3
Removed Pin From Net: NetName=GND Pin=Q6-2
Removed Pin From Net: NetName=I_MED_GD Pin=R6-1
Removed Pin From Net: NetName=+12 Pin=R6-2
Removed Pin From Net: NetName=+12 Pin=R8-2
Removed Pin From Net: NetName=GND Pin=R12-1
Removed Pin From Net: NetName=I_MED_GD Pin=R12-2
Removed Pin From Net: NetName=DIGI_I_MED_GD Pin=R15-1
Removed Pin From Net: NetName=+3.3V Pin=R43-2
Removed Member From Class: ClassName=Eload Gen 3 Control Module Member=J5
Removed Member From Class: ClassName=Eload Gen 3 Control Module Member=Q4
Removed Member From Class: ClassName=Eload Gen 3 Control Module Member=Q6
Removed Member From Class: ClassName=Eload Gen 3 Control Module Member=R6
Removed Member From Class: ClassName=Eload Gen 3 Control Module Member=R8
Removed Member From Class: ClassName=Eload Gen 3 Control Module Member=R12
Removed Member From Class: ClassName=Eload Gen 3 Control Module Member=R15
Change Component DesignItemId : Designator=R3 Old DesignItemId=Res,0805,1.00 kO,5%,200ppm,CRCW08051K00JNEA New DesignItemId=Res,0805,1.00 kO,5%,200ppm,CRCW08051K00JNEA
Change Component DesignItemId : Designator=R13 Old DesignItemId=Res,0805,1.00 kO,5%,200ppm,CRCW08051K00JNEA New DesignItemId=Res,0805,1.00 kO,5%,200ppm,CRCW08051K00JNEA
Change Component DesignItemId : Designator=R28 Old DesignItemId=Res,0805,1.00 kO,5%,200ppm,CRCW08051K00JNEA New DesignItemId=Res,0805,1.00 kO,5%,200ppm,CRCW08051K00JNEA
Change Component DesignItemId : Designator=R37 Old DesignItemId=Res,0805,1.00 kO,5%,200ppm,CRCW08051K00JNEA New DesignItemId=Res,0805,1.00 kO,5%,200ppm,CRCW08051K00JNEA
Change Component DesignItemId : Designator=R38 Old DesignItemId=Res,0805,1.00 kO,5%,200ppm,CRCW08051K00JNEA New DesignItemId=Res,0805,1.00 kO,5%,200ppm,CRCW08051K00JNEA
Change Component DesignItemId : Designator=R40 Old DesignItemId=Res,0805,1.00 kO,5%,200ppm,CRCW08051K00JNEA New DesignItemId=Res,0805,1.00 kO,5%,200ppm,CRCW08051K00JNEA
Change Component DesignItemId : Designator=R44 Old DesignItemId=Res,0805,1.00 kO,5%,200ppm,CRCW08051K00JNEA New DesignItemId=Res,0805,1.00 kO,5%,200ppm,CRCW08051K00JNEA
Change Component DesignItemId : Designator=R49 Old DesignItemId=Res,0805,1.00 kO,5%,200ppm,CRCW08051K00JNEA New DesignItemId=Res,0805,1.00 kO,5%,200ppm,CRCW08051K00JNEA
Change Component DesignItemId : Designator=R50 Old DesignItemId=Res,0805,2.2KO,±1%,100.0 ppm/°C,150.0 V,CRCW08052K20FKEA New DesignItemId=Res,0805,2.2KO,±1%,100.0 ppm/°C,150.0 V,CRCW08052K20FKEA
Change Component DesignItemId : Designator=R54 Old DesignItemId=Res,0805,2.2KO,±1%,100.0 ppm/°C,150.0 V,CRCW08052K20FKEA New DesignItemId=Res,0805,2.2KO,±1%,100.0 ppm/°C,150.0 V,CRCW08052K20FKEA
Change Component DesignItemId : Designator=R4 Old DesignItemId=Res,0805,4.7KO,0.1%,±25ppm/°C,ERA-6AEB472V New DesignItemId=Res,0805,4.7KO,0.1%,±25ppm/°C,ERA-6AEB472V
Change Component DesignItemId : Designator=R16 Old DesignItemId=Res,0805,4.7KO,0.1%,±25ppm/°C,ERA-6AEB472V New DesignItemId=Res,0805,4.7KO,0.1%,±25ppm/°C,ERA-6AEB472V
Change Component DesignItemId : Designator=R5 Old DesignItemId=Res,0805,10.0kO,1%,100 ppm,CRCW080510K0FKTA New DesignItemId=Res,0805,10.0kO,1%,100 ppm,CRCW080510K0FKTA
Change Component DesignItemId : Designator=R29 Old DesignItemId=Res,0805,10.0kO,1%,100 ppm,CRCW080510K0FKTA New DesignItemId=Res,0805,10.0kO,1%,100 ppm,CRCW080510K0FKTA
Change Component DesignItemId : Designator=R32 Old DesignItemId=Res,0805,10.0kO,1%,100 ppm,CRCW080510K0FKTA New DesignItemId=Res,0805,10.0kO,1%,100 ppm,CRCW080510K0FKTA
Change Component DesignItemId : Designator=R33 Old DesignItemId=Res,0805,10.0kO,1%,100 ppm,CRCW080510K0FKTA New DesignItemId=Res,0805,10.0kO,1%,100 ppm,CRCW080510K0FKTA
Change Component DesignItemId : Designator=R34 Old DesignItemId=Res,0805,10.0kO,1%,100 ppm,CRCW080510K0FKTA New DesignItemId=Res,0805,10.0kO,1%,100 ppm,CRCW080510K0FKTA
Change Component DesignItemId : Designator=R39 Old DesignItemId=Res,0805,10.0kO,1%,100 ppm,CRCW080510K0FKTA New DesignItemId=Res,0805,10.0kO,1%,100 ppm,CRCW080510K0FKTA
Change Component DesignItemId : Designator=R45 Old DesignItemId=Res,0805,10.0kO,1%,100 ppm,CRCW080510K0FKTA New DesignItemId=Res,0805,10.0kO,1%,100 ppm,CRCW080510K0FKTA
Change Component DesignItemId : Designator=R47 Old DesignItemId=Res,0805,10.0kO,1%,100 ppm,CRCW080510K0FKTA New DesignItemId=Res,0805,10.0kO,1%,100 ppm,CRCW080510K0FKTA
Change Component DesignItemId : Designator=R2 Old DesignItemId=Res,0805,15KO,1%,±100ppm/°C,CRGCQ0805F15K New DesignItemId=Res,0805,15KO,1%,±100ppm/°C,CRGCQ0805F15K
Change Component DesignItemId : Designator=R27 Old DesignItemId=Res,0805,33O,±5%,200ppm,CR0805-JW-330ELF New DesignItemId=Res,0805,33O,±5%,200ppm,CR0805-JW-330ELF
Change Component DesignItemId : Designator=R30 Old DesignItemId=Res,0805,33O,±5%,200ppm,CR0805-JW-330ELF New DesignItemId=Res,0805,33O,±5%,200ppm,CR0805-JW-330ELF
Change Component DesignItemId : Designator=R1 Old DesignItemId=Res,0805,82.5KO,0.1%,25ppm, TNPW080582K5BEEA New DesignItemId=Res,0805,82.5KO,0.1%,25ppm, TNPW080582K5BEEA
Change Component DesignItemId : Designator=R46 Old DesignItemId=Res,0805,100 kO,0.1%,25ppm,RP73PF2A100KBTDF New DesignItemId=Res,0805,100 kO,0.1%,25ppm,RP73PF2A100KBTDF
Change Component DesignItemId : Designator=R48 Old DesignItemId=Res,0805,100 kO,0.1%,25ppm,RP73PF2A100KBTDF New DesignItemId=Res,0805,100 kO,0.1%,25ppm,RP73PF2A100KBTDF
Change Component DesignItemId : Designator=R7 Old DesignItemId=Res,0805,100kO,1%,100ppm,CRCW0805100KFKEA New DesignItemId=Res,0805,100kO,1%,100ppm,CRCW0805100KFKEA
Change Component DesignItemId : Designator=R11 Old DesignItemId=Res,0805,100kO,1%,100ppm,CRCW0805100KFKEA New DesignItemId=Res,0805,100kO,1%,100ppm,CRCW0805100KFKEA
Change Component DesignItemId : Designator=R35 Old DesignItemId=Res,0805,100kO,1%,100ppm,CRCW0805100KFKEA New DesignItemId=Res,0805,100kO,1%,100ppm,CRCW0805100KFKEA
Change Component DesignItemId : Designator=R36 Old DesignItemId=Res,0805,100kO,1%,100ppm,CRCW0805100KFKEA New DesignItemId=Res,0805,100kO,1%,100ppm,CRCW0805100KFKEA
Change Component DesignItemId : Designator=R41 Old DesignItemId=Res,0805,100kO,1%,100ppm,CRCW0805100KFKEA New DesignItemId=Res,0805,100kO,1%,100ppm,CRCW0805100KFKEA
Change Component DesignItemId : Designator=R42 Old DesignItemId=Res,0805,100kO,1%,100ppm,CRCW0805100KFKEA New DesignItemId=Res,0805,100kO,1%,100ppm,CRCW0805100KFKEA
Change Component DesignItemId : Designator=R20 Old DesignItemId=Res,0805,100O,5%,±200ppm/°C New DesignItemId=Res,0805,100O,5%,±200ppm/°C
Change Component DesignItemId : Designator=R51 Old DesignItemId=Res,0805,100O,5%,±200ppm/°C New DesignItemId=Res,0805,100O,5%,±200ppm/°C
Change Component DesignItemId : Designator=R21 Old DesignItemId=Res,0805,221O,1%,100ppm,CRCW0805221RFKTA New DesignItemId=Res,0805,221O,1%,100ppm,CRCW0805221RFKTA
Change Component DesignItemId : Designator=R23 Old DesignItemId=Res,0805,221O,1%,100ppm,CRCW0805221RFKTA New DesignItemId=Res,0805,221O,1%,100ppm,CRCW0805221RFKTA
Change Component DesignItemId : Designator=R31 Old DesignItemId=res,0805,470O,5%,200ppm,CR0805-JW-471ELF New DesignItemId=res,0805,470O,5%,200ppm,CR0805-JW-471ELF
Change Component DesignItemId : Designator=R53 Old DesignItemId=Res,0805,681.0 O,±1%,100.0 ppm/°C,150.0 V,CRCW0805681RFKEA New DesignItemId=Res,0805,681.0 O,±1%,100.0 ppm/°C,150.0 V,CRCW0805681RFKEA
Added Component: Designator=C22(CAP, 0805, HD)
Added Component: Designator=Q3(SOT23-3)
Added Component: Designator=Q5(SOT23-3)
Added Component: Designator=R5(res, 0805, HD)
Added Component: Designator=R7(res, 0805, HD)
Added Component: Designator=R11(res, 0805, HD)
Added Component: Designator=R13(res, 0805, HD)
Added Component: Designator=R26(res, 0805, HD)
Added Pin To Net: NetName=GND Pin=C22-1
Added Pin To Net: NetName=GND Pin=D4-1
Added Pin To Net: NetName=3V Pin=D4-2
Added Pin To Net: NetName=I_MED_GD Pin=J4-7
Added Pin To Net: NetName=GND Pin=Q3-2
Added Pin To Net: NetName=I_MED_GD Pin=Q3-3
Added Pin To Net: NetName=GND Pin=Q5-2
Added Pin To Net: NetName=I_MED_GD Pin=R5-1
Added Pin To Net: NetName=+12 Pin=R5-2
Added Pin To Net: NetName=+12 Pin=R7-2
Added Pin To Net: NetName=GND Pin=R11-1
Added Pin To Net: NetName=I_MED_GD Pin=R11-2
Added Pin To Net: NetName=DIGI_I_MED_GD Pin=R13-1
Added Pin To Net: NetName=3V Pin=R43-2
Added Pin To Net: NetName=NetC22_2 Pin=C22-2
Added Pin To Net: NetName=NetC22_2 Pin=R26-2
Added Pin To Net: NetName=NetC22_2 Pin=U8-42
Added Net: Name=NetC22_2
Change Class Name : Old Net Name=Eload Gen 3 Control Module New Net Name=Eload Gen 3 Control Module Rev 2
Added Member To Class: ClassName=Eload Gen 3 Control Module Rev 2 Member=Component C22 08055C104JAT2A
Added Member To Class: ClassName=Eload Gen 3 Control Module Rev 2 Member=Component R26 Vishay CRCW08051K00JNEA
