Removed Pin From Net: NetName=1.5V Pin=C4-1
Removed Pin From Net: NetName=GND Pin=C4-2
Removed Pin From Net: NetName=3V Pin=C6-1
Removed Pin From Net: NetName=GND Pin=C6-2
Removed Pin From Net: NetName=+5V Pin=C9-1
Removed Pin From Net: NetName=GND Pin=C9-2
Removed Pin From Net: NetName=+3.3V Pin=C11-1
Removed Pin From Net: NetName=GND Pin=C11-2
Removed Pin From Net: NetName=+3.3V Pin=J1-3
Change Component DesignItemId : Designator=R13 Old DesignItemId=Res,0805,1.00 kO,5%,200ppm,CRCW08051K00JNEA New DesignItemId=Res,0805,1.00 kO,5%,200ppm,CRCW08051K00JNEA
Change Component DesignItemId : Designator=R15 Old DesignItemId=Res,0805,1.00 kO,5%,200ppm,CRCW08051K00JNEA New DesignItemId=Res,0805,1.00 kO,5%,200ppm,CRCW08051K00JNEA
Change Component DesignItemId : Designator=R26 Old DesignItemId=Res,0805,1.00 kO,5%,200ppm,CRCW08051K00JNEA New DesignItemId=Res,0805,1.00 kO,5%,200ppm,CRCW08051K00JNEA
Change Component DesignItemId : Designator=R28 Old DesignItemId=Res,0805,1.00 kO,5%,200ppm,CRCW08051K00JNEA New DesignItemId=Res,0805,1.00 kO,5%,200ppm,CRCW08051K00JNEA
Change Component DesignItemId : Designator=R37 Old DesignItemId=Res,0805,1.00 kO,5%,200ppm,CRCW08051K00JNEA New DesignItemId=Res,0805,1.00 kO,5%,200ppm,CRCW08051K00JNEA
Change Component DesignItemId : Designator=R38 Old DesignItemId=Res,0805,1.00 kO,5%,200ppm,CRCW08051K00JNEA New DesignItemId=Res,0805,1.00 kO,5%,200ppm,CRCW08051K00JNEA
Change Component DesignItemId : Designator=R40 Old DesignItemId=Res,0805,1.00 kO,5%,200ppm,CRCW08051K00JNEA New DesignItemId=Res,0805,1.00 kO,5%,200ppm,CRCW08051K00JNEA
Change Component DesignItemId : Designator=R44 Old DesignItemId=Res,0805,1.00 kO,5%,200ppm,CRCW08051K00JNEA New DesignItemId=Res,0805,1.00 kO,5%,200ppm,CRCW08051K00JNEA
Change Component DesignItemId : Designator=R49 Old DesignItemId=Res,0805,1.00 kO,5%,200ppm,CRCW08051K00JNEA New DesignItemId=Res,0805,1.00 kO,5%,200ppm,CRCW08051K00JNEA
Change Component DesignItemId : Designator=R50 Old DesignItemId=Res,0805,2.2KO,±1%,100.0 ppm/°C,150.0 V,CRCW08052K20FKEA New DesignItemId=Res,0805,2.2KO,±1%,100.0 ppm/°C,150.0 V,CRCW08052K20FKEA
Change Component DesignItemId : Designator=R54 Old DesignItemId=Res,0805,2.2KO,±1%,100.0 ppm/°C,150.0 V,CRCW08052K20FKEA New DesignItemId=Res,0805,2.2KO,±1%,100.0 ppm/°C,150.0 V,CRCW08052K20FKEA
Change Component DesignItemId : Designator=R3 Old DesignItemId=Res,0805,7.5kO,0.5%,±50ppm/°C,RT0805DRE077K5L New DesignItemId=Res,0805,7.5kO,0.5%,±50ppm/°C,RT0805DRE077K5L
Change Component DesignItemId : Designator=R4 Old DesignItemId=Res,0805,7.5kO,0.5%,±50ppm/°C,RT0805DRE077K5L New DesignItemId=Res,0805,7.5kO,0.5%,±50ppm/°C,RT0805DRE077K5L
Change Component DesignItemId : Designator=R9 Old DesignItemId=Res,0805,7.5kO,0.5%,±50ppm/°C,RT0805DRE077K5L New DesignItemId=Res,0805,7.5kO,0.5%,±50ppm/°C,RT0805DRE077K5L
Change Component DesignItemId : Designator=R16 Old DesignItemId=Res,0805,7.5kO,0.5%,±50ppm/°C,RT0805DRE077K5L New DesignItemId=Res,0805,7.5kO,0.5%,±50ppm/°C,RT0805DRE077K5L
Change Component DesignItemId : Designator=R5 Old DesignItemId=Res,0805,10.0kO,1%,100 ppm,CRCW080510K0FKTA New DesignItemId=Res,0805,10.0kO,1%,100 ppm,CRCW080510K0FKTA
Change Component DesignItemId : Designator=R6 Old DesignItemId=Res,0805,10.0kO,1%,100 ppm,CRCW080510K0FKTA New DesignItemId=Res,0805,10.0kO,1%,100 ppm,CRCW080510K0FKTA
Change Component DesignItemId : Designator=R18 Old DesignItemId=Res,0805,10.0kO,1%,100 ppm,CRCW080510K0FKTA New DesignItemId=Res,0805,10.0kO,1%,100 ppm,CRCW080510K0FKTA
Change Component DesignItemId : Designator=R24 Old DesignItemId=Res,0805,10.0kO,1%,100 ppm,CRCW080510K0FKTA New DesignItemId=Res,0805,10.0kO,1%,100 ppm,CRCW080510K0FKTA
Change Component DesignItemId : Designator=R29 Old DesignItemId=Res,0805,10.0kO,1%,100 ppm,CRCW080510K0FKTA New DesignItemId=Res,0805,10.0kO,1%,100 ppm,CRCW080510K0FKTA
Change Component DesignItemId : Designator=R32 Old DesignItemId=Res,0805,10.0kO,1%,100 ppm,CRCW080510K0FKTA New DesignItemId=Res,0805,10.0kO,1%,100 ppm,CRCW080510K0FKTA
Change Component DesignItemId : Designator=R33 Old DesignItemId=Res,0805,10.0kO,1%,100 ppm,CRCW080510K0FKTA New DesignItemId=Res,0805,10.0kO,1%,100 ppm,CRCW080510K0FKTA
Change Component DesignItemId : Designator=R34 Old DesignItemId=Res,0805,10.0kO,1%,100 ppm,CRCW080510K0FKTA New DesignItemId=Res,0805,10.0kO,1%,100 ppm,CRCW080510K0FKTA
Change Component DesignItemId : Designator=R39 Old DesignItemId=Res,0805,10.0kO,1%,100 ppm,CRCW080510K0FKTA New DesignItemId=Res,0805,10.0kO,1%,100 ppm,CRCW080510K0FKTA
Change Component DesignItemId : Designator=R45 Old DesignItemId=Res,0805,10.0kO,1%,100 ppm,CRCW080510K0FKTA New DesignItemId=Res,0805,10.0kO,1%,100 ppm,CRCW080510K0FKTA
Change Component DesignItemId : Designator=R47 Old DesignItemId=Res,0805,10.0kO,1%,100 ppm,CRCW080510K0FKTA New DesignItemId=Res,0805,10.0kO,1%,100 ppm,CRCW080510K0FKTA
Change Component DesignItemId : Designator=R2 Old DesignItemId=Res,0805,15KO,1%,±100ppm/°C,CRGCQ0805F15K New DesignItemId=Res,0805,15KO,1%,±100ppm/°C,CRGCQ0805F15K
Change Component DesignItemId : Designator=R27 Old DesignItemId=Res,0805,33O,±5%,200ppm,CR0805-JW-330ELF New DesignItemId=Res,0805,33O,±5%,200ppm,CR0805-JW-330ELF
Change Component DesignItemId : Designator=R30 Old DesignItemId=Res,0805,33O,±5%,200ppm,CR0805-JW-330ELF New DesignItemId=Res,0805,33O,±5%,200ppm,CR0805-JW-330ELF
Change Component DesignItemId : Designator=R1 Old DesignItemId=Res,0805,82.5KO,0.1%,25ppm, TNPW080582K5BEEA New DesignItemId=Res,0805,82.5KO,0.1%,25ppm, TNPW080582K5BEEA
Change Component DesignItemId : Designator=R10 Old DesignItemId=Res,0805,82.5KO,0.1%,25ppm, TNPW080582K5BEEA New DesignItemId=Res,0805,82.5KO,0.1%,25ppm, TNPW080582K5BEEA
Change Component DesignItemId : Designator=R19 Old DesignItemId=Res,0805,82.5KO,0.1%,25ppm, TNPW080582K5BEEA New DesignItemId=Res,0805,82.5KO,0.1%,25ppm, TNPW080582K5BEEA
Change Component DesignItemId : Designator=R7 Old DesignItemId=Res,0805,100kO,1%,100ppm,CRCW0805100KFKEA New DesignItemId=Res,0805,100kO,1%,100ppm,CRCW0805100KFKEA
Change Component DesignItemId : Designator=R8 Old DesignItemId=Res,0805,100kO,1%,100ppm,CRCW0805100KFKEA New DesignItemId=Res,0805,100kO,1%,100ppm,CRCW0805100KFKEA
Change Component DesignItemId : Designator=R11 Old DesignItemId=Res,0805,100kO,1%,100ppm,CRCW0805100KFKEA New DesignItemId=Res,0805,100kO,1%,100ppm,CRCW0805100KFKEA
Change Component DesignItemId : Designator=R12 Old DesignItemId=Res,0805,100kO,1%,100ppm,CRCW0805100KFKEA New DesignItemId=Res,0805,100kO,1%,100ppm,CRCW0805100KFKEA
Change Component DesignItemId : Designator=R35 Old DesignItemId=Res,0805,100kO,1%,100ppm,CRCW0805100KFKEA New DesignItemId=Res,0805,100kO,1%,100ppm,CRCW0805100KFKEA
Change Component DesignItemId : Designator=R36 Old DesignItemId=Res,0805,100kO,1%,100ppm,CRCW0805100KFKEA New DesignItemId=Res,0805,100kO,1%,100ppm,CRCW0805100KFKEA
Change Component DesignItemId : Designator=R20 Old DesignItemId=Res,0805,100O,5%,±200ppm/°C New DesignItemId=Res,0805,100O,5%,±200ppm/°C
Change Component DesignItemId : Designator=R21 Old DesignItemId=Res,0805,221O,1%,100ppm,CRCW0805221RFKTA New DesignItemId=Res,0805,221O,1%,100ppm,CRCW0805221RFKTA
Change Component DesignItemId : Designator=R23 Old DesignItemId=Res,0805,221O,1%,100ppm,CRCW0805221RFKTA New DesignItemId=Res,0805,221O,1%,100ppm,CRCW0805221RFKTA
Change Component DesignItemId : Designator=R31 Old DesignItemId=res,0805,470O,5%,200ppm,CR0805-JW-471ELF New DesignItemId=res,0805,470O,5%,200ppm,CR0805-JW-471ELF
Change Component DesignItemId : Designator=R22 Old DesignItemId=Res,1206,1Meg O,0.1%,±15ppm/°C,0.25W,TNPV12061M00BXEN New DesignItemId=Res,1206,1Meg O,0.1%,±15ppm/°C,0.25W,TNPV12061M00BXEN
Change Component DesignItemId : Designator=R25 Old DesignItemId=Res,1206,1Meg O,0.1%,±15ppm/°C,0.25W,TNPV12061M00BXEN New DesignItemId=Res,1206,1Meg O,0.1%,±15ppm/°C,0.25W,TNPV12061M00BXEN
Change Component DesignItemId : Designator=R46 Old DesignItemId=Res,1206,1Meg O,0.1%,±15ppm/°C,0.25W,TNPV12061M00BXEN New DesignItemId=Res,1206,1Meg O,0.1%,±15ppm/°C,0.25W,TNPV12061M00BXEN
Change Component DesignItemId : Designator=R48 Old DesignItemId=Res,1206,1Meg O,0.1%,±15ppm/°C,0.25W,TNPV12061M00BXEN New DesignItemId=Res,1206,1Meg O,0.1%,±15ppm/°C,0.25W,TNPV12061M00BXEN
Change Component DesignItemId : Designator=R41 Old DesignItemId=Res,1210,10.0 O,±0.1%,200V,RP73D2B10RBTG New DesignItemId=Res,1210,10.0 O,±0.1%,200V,RP73D2B10RBTG
Change Component DesignItemId : Designator=R42 Old DesignItemId=Res,1210,10.0 O,±0.1%,200V,RP73D2B10RBTG New DesignItemId=Res,1210,10.0 O,±0.1%,200V,RP73D2B10RBTG
Change Component Comment : Designator=C4 Old Comment=Cap,0805,10uf,6.3V,10%,CL21A106KQFNNNG New Comment=CL21A106KQFNNNG
Change Component Comment : Designator=C6 Old Comment=Cap,0805,10uf,6.3V,10%,CL21A106KQFNNNG New Comment=CL21A106KQFNNNG
Change Component Comment : Designator=C9 Old Comment=Cap,0805,10uf,6.3V,10%,CL21A106KQFNNNG New Comment=CL21A106KQFNNNG
Change Component Comment : Designator=C11 Old Comment=Cap,0805,10uf,6.3V,10%,CL21A106KQFNNNG New Comment=CL21A106KQFNNNG
Change Component Comment : Designator=Q3 Old Comment=NPN New Comment=SMBT2222A
Change Component Comment : Designator=Q4 Old Comment=NPN New Comment=SMBT2222A
Change Component Comment : Designator=Q5 Old Comment=NPN New Comment=SMBT2222A
Change Component Comment : Designator=Q6 Old Comment=NPN New Comment=SMBT2222A
Change Component Comment : Designator=Q11 Old Comment=NPN New Comment=SMBT2222A
Change Component Comment : Designator=Q12 Old Comment=NPN New Comment=SMBT2222A
Change Component Comment : Designator=U4 Old Comment=Opamp,SOT5, 8Mhz, Rail to Rail, TSV911ILT New Comment=TSV911ILT
Change Component Comment : Designator=U5 Old Comment=Opamp,SOT5, 8Mhz, Rail to Rail, TSV911ILT New Comment=TSV911ILT
Change Component Comment : Designator=U6 Old Comment=Opamp,SOT5, 8Mhz, Rail to Rail, TSV911ILT New Comment=TSV911ILT
Change Component Library : Designator=C4 Old Library=Master Oct28_2018.SchLib New Library=Master JULY2019.SchLib
Change Component Library : Designator=C6 Old Library=Master Oct28_2018.SchLib New Library=Master JULY2019.SchLib
Change Component Library : Designator=C9 Old Library=Master Oct28_2018.SchLib New Library=Master JULY2019.SchLib
Change Component Library : Designator=C11 Old Library=Master Oct28_2018.SchLib New Library=Master JULY2019.SchLib
Added Pin To Net: NetName=+5V Pin=J1-3
Added Member To Class: ClassName=Eload Gen 3 Control Module Member=Component R33 Vishay / Dale CRCW080510K0FKTA
