Removed Pin From Net: NetName=VSENSE- Pin=C23-1
Removed Pin From Net: NetName=GND Pin=C42-1
Removed Pin From Net: NetName=GND Pin=D4-1
Removed Pin From Net: NetName=3V Pin=D4-2
Removed Pin From Net: NetName=GND Pin=D6-1
Removed Pin From Net: NetName=3V Pin=D6-2
Removed Pin From Net: NetName=GND Pin=R3-2
Removed Pin From Net: NetName=VSENSE- Pin=R9-1
Removed Pin From Net: NetName=V_LD_SENSE_A Pin=R22-2
Removed Pin From Net: NetName=GND Pin=R24-1
Removed Pin From Net: NetName=VSENSE- Pin=R24-2
Removed Pin From Net: NetName=V_LD_SENSE_B Pin=R25-2
Removed Pin From Net: NetName=VSENSE- Pin=U6-1
Removed Pin From Net: NetName=GND Pin=U6-2
Removed Pin From Net: NetName=+3.3V Pin=U6-5
Removed Member From Class: ClassName=Eload Gen 3 Control Module Member=C23
Removed Member From Class: ClassName=Eload Gen 3 Control Module Member=C42
Removed Member From Class: ClassName=Eload Gen 3 Control Module Member=D4
Removed Member From Class: ClassName=Eload Gen 3 Control Module Member=D6
Removed Member From Class: ClassName=Eload Gen 3 Control Module Member=R3
Removed Member From Class: ClassName=Eload Gen 3 Control Module Member=R9
Removed Member From Class: ClassName=Eload Gen 3 Control Module Member=R22
Removed Member From Class: ClassName=Eload Gen 3 Control Module Member=R24
Removed Member From Class: ClassName=Eload Gen 3 Control Module Member=R25
Removed Member From Class: ClassName=Eload Gen 3 Control Module Member=U6
