Removed Pin From Net: NetName=VSENSE+ Pin=C23-1
Removed Pin From Net: NetName=NetC23_2 Pin=C23-2
Change Component Designator: OldDesignator=C22 NewDesignator=C28
Change Component Designator: OldDesignator=C32 NewDesignator=C14
Change Component Designator: OldDesignator=C42 NewDesignator=C16
Change Component Designator: OldDesignator=C43 NewDesignator=C12
Change Component Designator: OldDesignator=D4 NewDesignator=D7
Change Component Designator: OldDesignator=D6 NewDesignator=D8
Change Component Designator: OldDesignator=R22 NewDesignator=R46
Change Component Designator: OldDesignator=R24 NewDesignator=R47
Change Component Designator: OldDesignator=R25 NewDesignator=R48
Change Component Designator: OldDesignator=R26 NewDesignator=R49
Change Component Designator: OldDesignator=U6 NewDesignator=U4
Added Component: Designator=C27(Cap,0805)
Added Pin To Net: NetName=VSENSE+ Pin=C27-1
Added Pin To Net: NetName=NetC23_2 Pin=C27-2
Change Net Name : Old Net Name=NetC22_2 New Net Name=NetC28_2
Change Net Name : Old Net Name=NetC23_2 New Net Name=NetC27_2
Change Net Name : Old Net Name=NetC42_2 New Net Name=NetC16_2
Added Pin To Net: NetName=NetC22_2 Pin=C22-2
Added Pin To Net: NetName=NetC22_2 Pin=R26-2
Added Pin To Net: NetName=NetC22_2 Pin=U8-42
Added Net: Name=NetC22_2
Added Pin To Net: NetName=NetC23_2 Pin=C23-2
Added Pin To Net: NetName=NetC23_2 Pin=D6-3
Added Pin To Net: NetName=NetC23_2 Pin=R9-2
Added Pin To Net: NetName=NetC23_2 Pin=R25-1
Added Pin To Net: NetName=NetC23_2 Pin=U6-4
Added Net: Name=NetC23_2
Added Pin To Net: NetName=NetC42_2 Pin=C42-2
Added Pin To Net: NetName=NetC42_2 Pin=D4-3
Added Pin To Net: NetName=NetC42_2 Pin=R3-1
Added Pin To Net: NetName=NetC42_2 Pin=R22-1
Added Pin To Net: NetName=NetC42_2 Pin=U6-3
Added Net: Name=NetC42_2
Added Member To Class: ClassName=Eload Gen 3 Control Module Member=Component C12 08055C104JAT2A
Added Member To Class: ClassName=Eload Gen 3 Control Module Member=Component C14 08055C104JAT2A
Added Member To Class: ClassName=Eload Gen 3 Control Module Member=Component C16 Cap
Added Member To Class: ClassName=Eload Gen 3 Control Module Member=Component C27 Cap
Added Member To Class: ClassName=Eload Gen 3 Control Module Member=Component C28 08055C104JAT2A
Added Member To Class: ClassName=Eload Gen 3 Control Module Member=Component D7 Diode
Added Member To Class: ClassName=Eload Gen 3 Control Module Member=Component D8 Diode
Added Member To Class: ClassName=Eload Gen 3 Control Module Member=Component R46 TNPV12061M00BXEN
Added Member To Class: ClassName=Eload Gen 3 Control Module Member=Component R47 Vishay / Dale CRCW080510K0FKTA
Added Member To Class: ClassName=Eload Gen 3 Control Module Member=Component R48 TNPV12061M00BXEN
Added Member To Class: ClassName=Eload Gen 3 Control Module Member=Component R49 Vishay CRCW08051K00JNEA
Added Member To Class: ClassName=Eload Gen 3 Control Module Member=Component U4 Opamp,SOT5, 8Mhz, Rail to Rail, TSV911ILT
