Removed Pin From Net: NetName=+5V Pin=C9-2
Removed Pin From Net: NetName=GND Pin=C24-1
Removed Pin From Net: NetName=GND Pin=C34-1
Removed Pin From Net: NetName=+12 Pin=C34-2
Removed Pin From Net: NetName=GND Pin=C40-1
Removed Pin From Net: NetName=3V Pin=C40-2
Change Component DesignItemId : Designator=R3 Old DesignItemId=Res,0805,1.00 kO,5%,200ppm,CRCW08051K00JNEA New DesignItemId=Res,0805,1.00 kO,5%,200ppm,CRCW08051K00JNEA
Change Component DesignItemId : Designator=R13 Old DesignItemId=Res,0805,1.00 kO,5%,200ppm,CRCW08051K00JNEA New DesignItemId=Res,0805,1.00 kO,5%,200ppm,CRCW08051K00JNEA
Change Component DesignItemId : Designator=R15 Old DesignItemId=Res,0805,1.00 kO,5%,200ppm,CRCW08051K00JNEA New DesignItemId=Res,0805,1.00 kO,5%,200ppm,CRCW08051K00JNEA
Change Component DesignItemId : Designator=R26 Old DesignItemId=Res,0805,1.00 kO,5%,200ppm,CRCW08051K00JNEA New DesignItemId=Res,0805,1.00 kO,5%,200ppm,CRCW08051K00JNEA
Change Component DesignItemId : Designator=R28 Old DesignItemId=Res,0805,1.00 kO,5%,200ppm,CRCW08051K00JNEA New DesignItemId=Res,0805,1.00 kO,5%,200ppm,CRCW08051K00JNEA
Change Component DesignItemId : Designator=R37 Old DesignItemId=Res,0805,1.00 kO,5%,200ppm,CRCW08051K00JNEA New DesignItemId=Res,0805,1.00 kO,5%,200ppm,CRCW08051K00JNEA
Change Component DesignItemId : Designator=R38 Old DesignItemId=Res,0805,1.00 kO,5%,200ppm,CRCW08051K00JNEA New DesignItemId=Res,0805,1.00 kO,5%,200ppm,CRCW08051K00JNEA
Change Component DesignItemId : Designator=R40 Old DesignItemId=Res,0805,1.00 kO,5%,200ppm,CRCW08051K00JNEA New DesignItemId=Res,0805,1.00 kO,5%,200ppm,CRCW08051K00JNEA
Change Component DesignItemId : Designator=R44 Old DesignItemId=Res,0805,1.00 kO,5%,200ppm,CRCW08051K00JNEA New DesignItemId=Res,0805,1.00 kO,5%,200ppm,CRCW08051K00JNEA
Change Component DesignItemId : Designator=R49 Old DesignItemId=Res,0805,1.00 kO,5%,200ppm,CRCW08051K00JNEA New DesignItemId=Res,0805,1.00 kO,5%,200ppm,CRCW08051K00JNEA
Change Component DesignItemId : Designator=R50 Old DesignItemId=Res,0805,2.2KO,±1%,100.0 ppm/°C,150.0 V,CRCW08052K20FKEA New DesignItemId=Res,0805,2.2KO,±1%,100.0 ppm/°C,150.0 V,CRCW08052K20FKEA
Change Component DesignItemId : Designator=R54 Old DesignItemId=Res,0805,2.2KO,±1%,100.0 ppm/°C,150.0 V,CRCW08052K20FKEA New DesignItemId=Res,0805,2.2KO,±1%,100.0 ppm/°C,150.0 V,CRCW08052K20FKEA
Change Component DesignItemId : Designator=R4 Old DesignItemId=Res,0805,7.5kO,0.5%,±50ppm/°C,RT0805DRE077K5L New DesignItemId=Res,0805,7.5kO,0.5%,±50ppm/°C,RT0805DRE077K5L
Change Component DesignItemId : Designator=R16 Old DesignItemId=Res,0805,7.5kO,0.5%,±50ppm/°C,RT0805DRE077K5L New DesignItemId=Res,0805,7.5kO,0.5%,±50ppm/°C,RT0805DRE077K5L
Change Component DesignItemId : Designator=R5 Old DesignItemId=Res,0805,10.0kO,1%,100 ppm,CRCW080510K0FKTA New DesignItemId=Res,0805,10.0kO,1%,100 ppm,CRCW080510K0FKTA
Change Component DesignItemId : Designator=R6 Old DesignItemId=Res,0805,10.0kO,1%,100 ppm,CRCW080510K0FKTA New DesignItemId=Res,0805,10.0kO,1%,100 ppm,CRCW080510K0FKTA
Change Component DesignItemId : Designator=R18 Old DesignItemId=Res,0805,10.0kO,1%,100 ppm,CRCW080510K0FKTA New DesignItemId=Res,0805,10.0kO,1%,100 ppm,CRCW080510K0FKTA
Change Component DesignItemId : Designator=R29 Old DesignItemId=Res,0805,10.0kO,1%,100 ppm,CRCW080510K0FKTA New DesignItemId=Res,0805,10.0kO,1%,100 ppm,CRCW080510K0FKTA
Change Component DesignItemId : Designator=R32 Old DesignItemId=Res,0805,10.0kO,1%,100 ppm,CRCW080510K0FKTA New DesignItemId=Res,0805,10.0kO,1%,100 ppm,CRCW080510K0FKTA
Change Component DesignItemId : Designator=R33 Old DesignItemId=Res,0805,10.0kO,1%,100 ppm,CRCW080510K0FKTA New DesignItemId=Res,0805,10.0kO,1%,100 ppm,CRCW080510K0FKTA
Change Component DesignItemId : Designator=R34 Old DesignItemId=Res,0805,10.0kO,1%,100 ppm,CRCW080510K0FKTA New DesignItemId=Res,0805,10.0kO,1%,100 ppm,CRCW080510K0FKTA
Change Component DesignItemId : Designator=R39 Old DesignItemId=Res,0805,10.0kO,1%,100 ppm,CRCW080510K0FKTA New DesignItemId=Res,0805,10.0kO,1%,100 ppm,CRCW080510K0FKTA
Change Component DesignItemId : Designator=R45 Old DesignItemId=Res,0805,10.0kO,1%,100 ppm,CRCW080510K0FKTA New DesignItemId=Res,0805,10.0kO,1%,100 ppm,CRCW080510K0FKTA
Change Component DesignItemId : Designator=R47 Old DesignItemId=Res,0805,10.0kO,1%,100 ppm,CRCW080510K0FKTA New DesignItemId=Res,0805,10.0kO,1%,100 ppm,CRCW080510K0FKTA
Change Component DesignItemId : Designator=R2 Old DesignItemId=Res,0805,15KO,1%,±100ppm/°C,CRGCQ0805F15K New DesignItemId=Res,0805,15KO,1%,±100ppm/°C,CRGCQ0805F15K
Change Component DesignItemId : Designator=R27 Old DesignItemId=Res,0805,33O,±5%,200ppm,CR0805-JW-330ELF New DesignItemId=Res,0805,33O,±5%,200ppm,CR0805-JW-330ELF
Change Component DesignItemId : Designator=R30 Old DesignItemId=Res,0805,33O,±5%,200ppm,CR0805-JW-330ELF New DesignItemId=Res,0805,33O,±5%,200ppm,CR0805-JW-330ELF
Change Component DesignItemId : Designator=R1 Old DesignItemId=Res,0805,82.5KO,0.1%,25ppm, TNPW080582K5BEEA New DesignItemId=Res,0805,82.5KO,0.1%,25ppm, TNPW080582K5BEEA
Change Component DesignItemId : Designator=R10 Old DesignItemId=Res,0805,82.5KO,0.1%,25ppm, TNPW080582K5BEEA New DesignItemId=Res,0805,82.5KO,0.1%,25ppm, TNPW080582K5BEEA
Change Component DesignItemId : Designator=R19 Old DesignItemId=Res,0805,82.5KO,0.1%,25ppm, TNPW080582K5BEEA New DesignItemId=Res,0805,82.5KO,0.1%,25ppm, TNPW080582K5BEEA
Change Component DesignItemId : Designator=R46 Old DesignItemId=Res,0805,100 kO,0.1%,25ppm,RP73PF2A100KBTDF New DesignItemId=Res,0805,100 kO,0.1%,25ppm,RP73PF2A100KBTDF
Change Component DesignItemId : Designator=R48 Old DesignItemId=Res,0805,100 kO,0.1%,25ppm,RP73PF2A100KBTDF New DesignItemId=Res,0805,100 kO,0.1%,25ppm,RP73PF2A100KBTDF
Change Component DesignItemId : Designator=R7 Old DesignItemId=Res,0805,100kO,1%,100ppm,CRCW0805100KFKEA New DesignItemId=Res,0805,100kO,1%,100ppm,CRCW0805100KFKEA
Change Component DesignItemId : Designator=R8 Old DesignItemId=Res,0805,100kO,1%,100ppm,CRCW0805100KFKEA New DesignItemId=Res,0805,100kO,1%,100ppm,CRCW0805100KFKEA
Change Component DesignItemId : Designator=R11 Old DesignItemId=Res,0805,100kO,1%,100ppm,CRCW0805100KFKEA New DesignItemId=Res,0805,100kO,1%,100ppm,CRCW0805100KFKEA
Change Component DesignItemId : Designator=R12 Old DesignItemId=Res,0805,100kO,1%,100ppm,CRCW0805100KFKEA New DesignItemId=Res,0805,100kO,1%,100ppm,CRCW0805100KFKEA
Change Component DesignItemId : Designator=R35 Old DesignItemId=Res,0805,100kO,1%,100ppm,CRCW0805100KFKEA New DesignItemId=Res,0805,100kO,1%,100ppm,CRCW0805100KFKEA
Change Component DesignItemId : Designator=R36 Old DesignItemId=Res,0805,100kO,1%,100ppm,CRCW0805100KFKEA New DesignItemId=Res,0805,100kO,1%,100ppm,CRCW0805100KFKEA
Change Component DesignItemId : Designator=R41 Old DesignItemId=Res,0805,100kO,1%,100ppm,CRCW0805100KFKEA New DesignItemId=Res,0805,100kO,1%,100ppm,CRCW0805100KFKEA
Change Component DesignItemId : Designator=R42 Old DesignItemId=Res,0805,100kO,1%,100ppm,CRCW0805100KFKEA New DesignItemId=Res,0805,100kO,1%,100ppm,CRCW0805100KFKEA
Change Component DesignItemId : Designator=R20 Old DesignItemId=Res,0805,100O,5%,±200ppm/°C New DesignItemId=Res,0805,100O,5%,±200ppm/°C
Change Component DesignItemId : Designator=R51 Old DesignItemId=Res,0805,100O,5%,±200ppm/°C New DesignItemId=Res,0805,100O,5%,±200ppm/°C
Change Component DesignItemId : Designator=R21 Old DesignItemId=Res,0805,221O,1%,100ppm,CRCW0805221RFKTA New DesignItemId=Res,0805,221O,1%,100ppm,CRCW0805221RFKTA
Change Component DesignItemId : Designator=R23 Old DesignItemId=Res,0805,221O,1%,100ppm,CRCW0805221RFKTA New DesignItemId=Res,0805,221O,1%,100ppm,CRCW0805221RFKTA
Change Component DesignItemId : Designator=R31 Old DesignItemId=res,0805,470O,5%,200ppm,CR0805-JW-471ELF New DesignItemId=res,0805,470O,5%,200ppm,CR0805-JW-471ELF
Change Component DesignItemId : Designator=R53 Old DesignItemId=Res,0805,681.0 O,±1%,100.0 ppm/°C,150.0 V,CRCW0805681RFKEA New DesignItemId=Res,0805,681.0 O,±1%,100.0 ppm/°C,150.0 V,CRCW0805681RFKEA
Change Component Comment : Designator=C17 Old Comment=Cap New Comment=08055C104JAT2A
Change Component Comment : Designator=C18 Old Comment=Cap New Comment=08055C104JAT2A
Change Component Comment : Designator=C19 Old Comment=Cap New Comment=08055C104JAT2A
Change Component Comment : Designator=C33 Old Comment=Cap New Comment=08055C104JAT2A
Change Component Comment : Designator=C39 Old Comment=Cap New Comment=08055C104JAT2A
Change Component Comment : Designator=C15 Old Comment=Cap New Comment=GRM21A5C2E101JW01D
Change Component Comment : Designator=C16 Old Comment=Cap New Comment=GRM21A5C2E101JW01D
Change Component Comment : Designator=C27 Old Comment=Cap New Comment=GRM21A5C2E101JW01D
Change Component Comment : Designator=C37 Old Comment=Cap New Comment=GRM21A5C2E101JW01D
Change Component Comment : Designator=C41 Old Comment=Cap New Comment=GRM21A5C2E101JW01D
Change Component Comment : Designator=U1 Old Comment=Controller,Buck Reg,3-26V,1.2A,SOT23,AOZ1280CI New Comment=AOZ1280CI
Change Component Comment : Designator=R31 Old Comment=Res1 New Comment=CR0805-JW-471ELF
Change Component Comment : Designator=R50 Old Comment=Res1 New Comment=CRCW08052K20FKEA
Change Component Comment : Designator=R54 Old Comment=Res1 New Comment=CRCW08052K20FKEA
Change Component Comment : Designator=R43 Old Comment=Res1 New Comment=CRCW08053K32FKEA
Change Component Comment : Designator=R52 Old Comment=Res1 New Comment=CRCW08053K32FKEA
Change Component Comment : Designator=R53 Old Comment=Res1 New Comment=CRCW0805681RFKEA
Change Component Comment : Designator=R4 Old Comment=Res1 New Comment=RT0805DRE077K5L
Change Component Comment : Designator=R16 Old Comment=Res1 New Comment=RT0805DRE077K5L
Change Component Comment : Designator=R7 Old Comment=Res,0805,100kO,1%,100ppm,CRCW0805100KFKEA New Comment=CRCW0805100KFKEA
Change Component Comment : Designator=R8 Old Comment=Res,0805,100kO,1%,100ppm,CRCW0805100KFKEA New Comment=CRCW0805100KFKEA
Change Component Comment : Designator=R11 Old Comment=Res,0805,100kO,1%,100ppm,CRCW0805100KFKEA New Comment=CRCW0805100KFKEA
Change Component Comment : Designator=R12 Old Comment=Res,0805,100kO,1%,100ppm,CRCW0805100KFKEA New Comment=CRCW0805100KFKEA
Change Component Comment : Designator=R35 Old Comment=Res,0805,100kO,1%,100ppm,CRCW0805100KFKEA New Comment=CRCW0805100KFKEA
Change Component Comment : Designator=R36 Old Comment=Res,0805,100kO,1%,100ppm,CRCW0805100KFKEA New Comment=CRCW0805100KFKEA
Change Component Comment : Designator=R41 Old Comment=Res,0805,100kO,1%,100ppm,CRCW0805100KFKEA New Comment=CRCW0805100KFKEA
Change Component Comment : Designator=R42 Old Comment=Res,0805,100kO,1%,100ppm,CRCW0805100KFKEA New Comment=CRCW0805100KFKEA
Change Component Library : Designator=U1 Old Library=Master Oct28_2018.IntLib New Library=Master JULY2019.SchLib
Change Component Library : Designator=C3 Old Library=Master Oct28_2018.SchLib New Library=Master JULY2019.SchLib
Change Component Library : Designator=C4 Old Library=Master Oct28_2018.SchLib New Library=Master JULY2019.SchLib
Change Component Library : Designator=C7 Old Library=Master Oct28_2018.SchLib New Library=Master JULY2019.SchLib
Change Component Library : Designator=C8 Old Library=Master Oct28_2018.SchLib New Library=Master JULY2019.SchLib
Change Component Library : Designator=C10 Old Library=Master Oct28_2018.SchLib New Library=Master JULY2019.SchLib
Change Component Library : Designator=C12 Old Library=Master Oct28_2018.SchLib New Library=Master JULY2019.SchLib
Change Component Library : Designator=C13 Old Library=Master Oct28_2018.SchLib New Library=Master JULY2019.SchLib
Change Component Library : Designator=C14 Old Library=Master Oct28_2018.SchLib New Library=Master JULY2019.SchLib
Change Component Library : Designator=C21 Old Library=Master Oct28_2018.SchLib New Library=Master JULY2019.SchLib
Change Component Library : Designator=C22 Old Library=Master Oct28_2018.SchLib New Library=Master JULY2019.SchLib
Change Component Library : Designator=C24 Old Library=Master Oct28_2018.SchLib New Library=Master JULY2019.SchLib
Change Component Library : Designator=C25 Old Library=Master Oct28_2018.SchLib New Library=Master JULY2019.SchLib
Change Component Library : Designator=C26 Old Library=Master Oct28_2018.SchLib New Library=Master JULY2019.SchLib
Change Component Library : Designator=C28 Old Library=Master Oct28_2018.SchLib New Library=Master JULY2019.SchLib
Change Component Library : Designator=C34 Old Library=Master Oct28_2018.SchLib New Library=Master JULY2019.SchLib
Change Component Library : Designator=C36 Old Library=Master Oct28_2018.SchLib New Library=Master JULY2019.SchLib
Change Component Library : Designator=C40 Old Library=Master Oct28_2018.SchLib New Library=Master JULY2019.SchLib
Change Component Library : Designator=R2 Old Library=Master Oct28_2018.SchLib New Library=Master JULY2019.SchLib
Change Component Library : Designator=R3 Old Library=Master Oct28_2018.SchLib New Library=Master JULY2019.SchLib
Change Component Library : Designator=R5 Old Library=Master Oct28_2018.SchLib New Library=Master JULY2019.SchLib
Change Component Library : Designator=R6 Old Library=Master Oct28_2018.SchLib New Library=Master JULY2019.SchLib
Change Component Library : Designator=R7 Old Library=Master Oct28_2018.SchLib New Library=Master JULY2019.SchLib
Change Component Library : Designator=R8 Old Library=Master Oct28_2018.SchLib New Library=Master JULY2019.SchLib
Change Component Library : Designator=R11 Old Library=Master Oct28_2018.SchLib New Library=Master JULY2019.SchLib
Change Component Library : Designator=R12 Old Library=Master Oct28_2018.SchLib New Library=Master JULY2019.SchLib
Change Component Library : Designator=R13 Old Library=Master Oct28_2018.SchLib New Library=Master JULY2019.SchLib
Change Component Library : Designator=R15 Old Library=Master Oct28_2018.SchLib New Library=Master JULY2019.SchLib
Change Component Library : Designator=R18 Old Library=Master Oct28_2018.SchLib New Library=Master JULY2019.SchLib
Change Component Library : Designator=R26 Old Library=Master Oct28_2018.SchLib New Library=Master JULY2019.SchLib
Change Component Library : Designator=R28 Old Library=Master Oct28_2018.SchLib New Library=Master JULY2019.SchLib
Change Component Library : Designator=R32 Old Library=Master Oct28_2018.SchLib New Library=Master JULY2019.SchLib
Change Component Library : Designator=R33 Old Library=Master Oct28_2018.SchLib New Library=Master JULY2019.SchLib
Change Component Library : Designator=R34 Old Library=Master Oct28_2018.SchLib New Library=Master JULY2019.SchLib
Change Component Library : Designator=R35 Old Library=Master Oct28_2018.SchLib New Library=Master JULY2019.SchLib
Change Component Library : Designator=R36 Old Library=Master Oct28_2018.SchLib New Library=Master JULY2019.SchLib
Change Component Library : Designator=R37 Old Library=Master Oct28_2018.SchLib New Library=Master JULY2019.SchLib
Change Component Library : Designator=R38 Old Library=Master Oct28_2018.SchLib New Library=Master JULY2019.SchLib
Change Component Library : Designator=R40 Old Library=Master Oct28_2018.SchLib New Library=Master JULY2019.SchLib
Change Component Library : Designator=R44 Old Library=Master Oct28_2018.SchLib New Library=Master JULY2019.SchLib
Change Component Library : Designator=R45 Old Library=Master Oct28_2018.SchLib New Library=Master JULY2019.SchLib
Change Component Library : Designator=R47 Old Library=Master Oct28_2018.SchLib New Library=Master JULY2019.SchLib
Change Component Library : Designator=R49 Old Library=Master Oct28_2018.SchLib New Library=Master JULY2019.SchLib
Change Component Library : Designator=U3 Old Library=Master Oct28_2018.SchLib New Library=Master JULY2019.SchLib
Change Component Library : Designator=U12 Old Library=Master Oct28_2018.SchLib New Library=Master JULY2019.SchLib
Change Component Library : Designator=R50 Old Library=Master SEPT2019.SchLib New Library=Master JULY2019.SchLib
Change Component Library : Designator=R54 Old Library=Master SEPT2019.SchLib New Library=Master JULY2019.SchLib
Change Component Library : Designator=XTAL1 Old Library=Master SEPT2019.SchLib New Library=Master JULY2019.SchLib
